Unity Editor version:    2020.3.36f1 (71f96b79b9f0)
Branch:                  master
Build type:              Release
Batch mode:              YES
macOS version:           Version 10.15.7 (Build 19H1922)
Darwin version:          19.6.0
Architecture:            x86_64
Running under Rosetta:   NO
Available memory:        8192 MB
Using pre-set license
Pro License: NO

COMMAND LINE ARGUMENTS:
/Applications/Unity/Hub/Editor/2020.3.36f1/Unity.app/Contents/MacOS/Unity
-adb2
-batchMode
-noUpm
-name
AssetImportWorker0
-projectPath
/Users/lichao/Documents/GitHub/VR-Privacy/App/My project (2)
-logFile
Logs/AssetImportWorker0.log
-srvPort
49505
Successfully changed project path to: /Users/lichao/Documents/GitHub/VR-Privacy/App/My project (2)
/Users/lichao/Documents/GitHub/VR-Privacy/App/My project (2)
Using Asset Import Pipeline V2.
Refreshing native plugins compatible for Editor in 109.93 ms, found 2 plugins.
Preloading 0 native plugins for Editor in 0.00 ms.
Initialize engine version: 2020.3.36f1 (71f96b79b9f0)
[Subsystems] Discovering subsystems at path /Applications/Unity/Hub/Editor/2020.3.36f1/Unity.app/Contents/Resources/UnitySubsystems
[Subsystems] Discovering subsystems at path /Users/lichao/Documents/GitHub/VR-Privacy/App/My project (2)/Assets
GfxDevice: creating device client; threaded=0
Renderer: Intel(R) Iris(TM) Plus Graphics 640
Vendor:   Intel Inc.
Version:  4.1 INTEL-14.7.26
GLES:     0
 GL_ARB_blend_func_extended GL_ARB_draw_buffers_blend GL_ARB_draw_indirect GL_ARB_ES2_compatibility GL_ARB_explicit_attrib_location GL_ARB_gpu_shader_fp64 GL_ARB_gpu_shader5 GL_ARB_instanced_arrays GL_ARB_internalformat_query GL_ARB_occlusion_query2 GL_ARB_sample_shading GL_ARB_sampler_objects GL_ARB_separate_shader_objects GL_ARB_shader_bit_encoding GL_ARB_shader_subroutine GL_ARB_shading_language_include GL_ARB_tessellation_shader GL_ARB_texture_buffer_object_rgb32 GL_ARB_texture_cube_map_array GL_ARB_texture_gather GL_ARB_texture_query_lod GL_ARB_texture_rgb10_a2ui GL_ARB_texture_storage GL_ARB_texture_swizzle GL_ARB_timer_query GL_ARB_transform_feedback2 GL_ARB_transform_feedback3 GL_ARB_vertex_attrib_64bit GL_ARB_vertex_type_2_10_10_10_rev GL_ARB_viewport_array GL_EXT_debug_label GL_EXT_debug_marker GL_EXT_framebuffer_multisample_blit_scaled GL_EXT_texture_compression_s3tc GL_EXT_texture_filter_anisotropic GL_EXT_texture_sRGB_decode GL_APPLE_client_storage GL_APPLE_container_object_shareable GL_APPLE_fl
ush_render GL_APPLE_object_purgeable GL_APPLE_rgb_422 GL_APPLE_row_bytes GL_APPLE_texture_range GL_ATI_texture_mirror_once GL_NV_texture_barrier
OPENGL LOG: Creating OpenGL 4.1 graphics device ; Context level  <OpenGL 4.1> ; Context handle -1744486912
Initialize mono
Mono path[0] = '/Applications/Unity/Hub/Editor/2020.3.36f1/Unity.app/Contents/Managed'
Mono path[1] = '/Applications/Unity/Hub/Editor/2020.3.36f1/Unity.app/Contents/MonoBleedingEdge/lib/mono/unityjit'
Mono config path = '/Applications/Unity/Hub/Editor/2020.3.36f1/Unity.app/Contents/MonoBleedingEdge/etc'
Using monoOptions --debugger-agent=transport=dt_socket,embedding=1,server=y,suspend=n,address=127.0.0.1:56100
Begin MonoManager ReloadAssembly
Registering precompiled unity dll's ...
Register platform support module: /Applications/Unity/Hub/Editor/2020.3.36f1/Unity.app/Contents/PlaybackEngines/MacStandaloneSupport/UnityEditor.OSXStandalone.Extensions.dll
Registered in 0.002305 seconds.
Native extension for OSXStandalone target not found
Refreshing native plugins compatible for Editor in 90.54 ms, found 2 plugins.
Preloading 0 native plugins for Editor in 0.00 ms.
Mono: successfully reloaded assembly
- Completed reload, in  1.057 seconds
Domain Reload Profiling:
	ReloadAssembly (1058ms)
		BeginReloadAssembly (104ms)
			ExecutionOrderSort (0ms)
			DisableScriptedObjects (0ms)
			BackupInstance (0ms)
			ReleaseScriptingObjects (0ms)
			CreateAndSetChildDomain (1ms)
		EndReloadAssembly (819ms)
			LoadAssemblies (104ms)
			RebuildTransferFunctionScriptingTraits (0ms)
			SetupTypeCache (304ms)
			ReleaseScriptCaches (0ms)
			RebuildScriptCaches (61ms)
			SetupLoadedEditorAssemblies (319ms)
				LogAssemblyErrors (0ms)
				InitializePlatformSupportModulesInManaged (8ms)
				SetLoadedEditorAssemblies (0ms)
				RefreshPlugins (91ms)
				BeforeProcessingInitializeOnLoad (15ms)
				ProcessInitializeOnLoadAttributes (158ms)
				ProcessInitializeOnLoadMethodAttributes (48ms)
				AfterProcessingInitializeOnLoad (0ms)
				EditorAssembliesLoaded (0ms)
			ExecutionOrderSort2 (0ms)
			AwakeInstancesAfterBackupRestoration (0ms)
Platform modules already initialized, skipping
Registering precompiled user dll's ...
Registered in 0.006052 seconds.
Begin MonoManager ReloadAssembly
Native extension for OSXStandalone target not found
Refreshing native plugins compatible for Editor in 1.07 ms, found 2 plugins.
Preloading 0 native plugins for Editor in 0.00 ms.
Mono: successfully reloaded assembly
- Completed reload, in  1.887 seconds
Domain Reload Profiling:
	ReloadAssembly (1888ms)
		BeginReloadAssembly (236ms)
			ExecutionOrderSort (0ms)
			DisableScriptedObjects (10ms)
			BackupInstance (0ms)
			ReleaseScriptingObjects (0ms)
			CreateAndSetChildDomain (48ms)
		EndReloadAssembly (1550ms)
			LoadAssemblies (142ms)
			RebuildTransferFunctionScriptingTraits (0ms)
			SetupTypeCache (564ms)
			ReleaseScriptCaches (1ms)
			RebuildScriptCaches (113ms)
			SetupLoadedEditorAssemblies (570ms)
				LogAssemblyErrors (0ms)
				InitializePlatformSupportModulesInManaged (5ms)
				SetLoadedEditorAssemblies (1ms)
				RefreshPlugins (1ms)
				BeforeProcessingInitializeOnLoad (106ms)
				ProcessInitializeOnLoadAttributes (424ms)
				ProcessInitializeOnLoadMethodAttributes (30ms)
				AfterProcessingInitializeOnLoad (3ms)
				EditorAssembliesLoaded (0ms)
			ExecutionOrderSort2 (0ms)
			AwakeInstancesAfterBackupRestoration (2ms)
Platform modules already initialized, skipping
Validating Project structure ... 0.078933 seconds.
Shader import version has changed; will reimport all shaders...
Upgrading shader files ...0.069945 seconds.
Application.AssetDatabase Initial Script Refresh Start
RefreshInfo: InitialScriptRefreshV2(NoUpdateAssetOptions) scanfilter:  ... 1 filters
RefreshProfiler: Total: 0.000ms
Application.AssetDatabase Initial Script Refresh End
Application.AssetDatabase.Refresh Start
Application.AssetDatabase.Refresh End
RefreshInfo: StopAssetImportingV2(ForceSynchronousImport) scanfilter: 
RefreshProfiler: Total: 0.000ms
Launching external process: /Applications/Unity/Hub/Editor/2020.3.36f1/Unity.app/Contents/Tools/UnityShaderCompiler
Launched and connected shader compiler UnityShaderCompiler after 0.05 seconds
Initializing Unity extensions:
========================================================================
Worker process is ready to serve import requests
Refreshing native plugins compatible for Editor in 1.12 ms, found 2 plugins.
Preloading 0 native plugins for Editor in 0.00 ms.
Unloading 2146 Unused Serialized files (Serialized files now loaded: 0)
System memory in use before: 215.5 MB.
System memory in use after: 212.4 MB.

Unloading 239 unused Assets to reduce memory usage. Loaded Objects now: 2607.
Total: 9.199829 ms (FindLiveObjects: 0.332580 ms CreateObjectMapping: 0.157489 ms MarkObjects: 4.685880 ms  DeleteObjects: 4.022753 ms)

AssetImportParameters requested are different than current active one (requested -> active):
  custom:video-decoder-ogg-theora: a1e56fd34408186e4bbccfd4996cb3dc -> 
  custom:container-muxer-webm: aa71ff27fc2769a1b78a27578f13a17b -> 
  custom:container-demuxer-webm: 4f35f7cbe854078d1ac9338744f61a02 -> 
  custom:container-demuxer-ogg: 62fdf1f143b41e24485cea50d1cbac27 -> 
  custom:video-encoder-webm-vp8: eb34c28f22e8b96e1ab97ce403110664 -> 
  custom:framework-osx-AVFoundation: b23960f63f64bdc6ff669e2cdcee2391 -> 
  custom:video-decoder-webm-vp8: 9c59270c3fd7afecdb556c50c9e8de78 -> 
  custom:audio-decoder-ogg-vorbis: bf7c407c2cedff20999df2af8eb42d56 -> 
  custom:audio-encoder-webm-vorbis: bf7c407c2cedff20999df2af8eb42d56 -> 
========================================================================
Received Import Request.
  path: Assets/LEGO/Prefabs
  artifactKey: Guid(16d8984a4c9928d4d9f38864e15ff74e) Importer(815301076,1909f56bfc062723c751e8b465ee728b)
Start importing Assets/LEGO/Prefabs using Guid(16d8984a4c9928d4d9f38864e15ff74e) Importer(815301076,1909f56bfc062723c751e8b465ee728b)  -> (artifact id: 'acf8ee6eafee7d2df275a19011777eb0') in 0.007935 seconds 
========================================================================
Received Import Request.
  Time since last request: 0.000433 seconds.
  path: Assets/LEGO/Prefabs/LEGO Behaviour Bricks
  artifactKey: Guid(5b5cfd2a85a7a488aa96b4afb2b2a04c) Importer(815301076,1909f56bfc062723c751e8b465ee728b)
Start importing Assets/LEGO/Prefabs/LEGO Behaviour Bricks using Guid(5b5cfd2a85a7a488aa96b4afb2b2a04c) Importer(815301076,1909f56bfc062723c751e8b465ee728b)  -> (artifact id: '20d6eb1af2d9dec389f639b836ee725f') in 0.001163 seconds 
========================================================================
Received Import Request.
  Time since last request: 51.586041 seconds.
  path: Assets/LEGO/Prefabs/LEGO Behaviour Bricks/Speak.prefab
  artifactKey: Guid(d39f04291e3b341f78bf4cfa451accd7) Importer(815301076,1909f56bfc062723c751e8b465ee728b)
Start importing Assets/LEGO/Prefabs/LEGO Behaviour Bricks/Speak.prefab using Guid(d39f04291e3b341f78bf4cfa451accd7) Importer(815301076,1909f56bfc062723c751e8b465ee728b)  -> (artifact id: 'b253d5bfaf3ee83bebe1f73951e5d219') in 1.130865 seconds 
========================================================================
Received Import Request.
  Time since last request: 6.644828 seconds.
  path: Assets/LEGO/Prefabs/LEGO Behaviour Bricks/Spawn.prefab
  artifactKey: Guid(2422d7b828ad14ec5b6ac73d80aeb92e) Importer(815301076,1909f56bfc062723c751e8b465ee728b)
Start importing Assets/LEGO/Prefabs/LEGO Behaviour Bricks/Spawn.prefab using Guid(2422d7b828ad14ec5b6ac73d80aeb92e) Importer(815301076,1909f56bfc062723c751e8b465ee728b)  -> (artifact id: '7b88fc0e190e565f6d79f76f00bef788') in 0.049623 seconds 
========================================================================
Received Prepare
Registering precompiled user dll's ...
Registered in 0.006572 seconds.
Begin MonoManager ReloadAssembly
Native extension for OSXStandalone target not found
Refreshing native plugins compatible for Editor in 0.90 ms, found 2 plugins.
Preloading 0 native plugins for Editor in 0.00 ms.
Mono: successfully reloaded assembly
- Completed reload, in  1.878 seconds
Domain Reload Profiling:
	ReloadAssembly (1878ms)
		BeginReloadAssembly (252ms)
			ExecutionOrderSort (0ms)
			DisableScriptedObjects (6ms)
			BackupInstance (0ms)
			ReleaseScriptingObjects (0ms)
			CreateAndSetChildDomain (115ms)
		EndReloadAssembly (1521ms)
			LoadAssemblies (185ms)
			RebuildTransferFunctionScriptingTraits (0ms)
			SetupTypeCache (556ms)
			ReleaseScriptCaches (1ms)
			RebuildScriptCaches (94ms)
			SetupLoadedEditorAssemblies (549ms)
				LogAssemblyErrors (0ms)
				InitializePlatformSupportModulesInManaged (6ms)
				SetLoadedEditorAssemblies (1ms)
				RefreshPlugins (1ms)
				BeforeProcessingInitializeOnLoad (158ms)
				ProcessInitializeOnLoadAttributes (350ms)
				ProcessInitializeOnLoadMethodAttributes (30ms)
				AfterProcessingInitializeOnLoad (3ms)
				EditorAssembliesLoaded (0ms)
			ExecutionOrderSort2 (0ms)
			AwakeInstancesAfterBackupRestoration (4ms)
Platform modules already initialized, skipping
Refreshing native plugins compatible for Editor in 0.94 ms, found 2 plugins.
Preloading 0 native plugins for Editor in 0.00 ms.
Unloading 2121 Unused Serialized files (Serialized files now loaded: 0)
System memory in use before: 218.5 MB.
System memory in use after: 216.1 MB.

Unloading 31 unused Assets to reduce memory usage. Loaded Objects now: 2618.
Total: 8.169328 ms (FindLiveObjects: 0.387191 ms CreateObjectMapping: 0.155814 ms MarkObjects: 4.742499 ms  DeleteObjects: 2.882766 ms)

AssetImportParameters requested are different than current active one (requested -> active):
  custom:video-decoder-ogg-theora: a1e56fd34408186e4bbccfd4996cb3dc -> 
  custom:container-muxer-webm: aa71ff27fc2769a1b78a27578f13a17b -> 
  custom:container-demuxer-webm: 4f35f7cbe854078d1ac9338744f61a02 -> 
  custom:container-demuxer-ogg: 62fdf1f143b41e24485cea50d1cbac27 -> 
  custom:video-encoder-webm-vp8: eb34c28f22e8b96e1ab97ce403110664 -> 
  custom:framework-osx-AVFoundation: b23960f63f64bdc6ff669e2cdcee2391 -> 
  custom:video-decoder-webm-vp8: 9c59270c3fd7afecdb556c50c9e8de78 -> 
  custom:audio-decoder-ogg-vorbis: bf7c407c2cedff20999df2af8eb42d56 -> 
  custom:audio-encoder-webm-vorbis: bf7c407c2cedff20999df2af8eb42d56 -> 
========================================================================
Received Import Request.
  Time since last request: 260.478262 seconds.
  path: Assets/LEGO/Prefabs/LEGO Minifigs/Pizza Boy.prefab
  artifactKey: Guid(422c298e5edde4efeb679ddef8883c33) Importer(815301076,1909f56bfc062723c751e8b465ee728b)
Start importing Assets/LEGO/Prefabs/LEGO Minifigs/Pizza Boy.prefab using Guid(422c298e5edde4efeb679ddef8883c33) Importer(815301076,1909f56bfc062723c751e8b465ee728b)  -> (artifact id: '6652473678f3b9a45f7de289ab2075d4') in 0.928554 seconds 
========================================================================
Received Import Request.
  Time since last request: 3.234274 seconds.
  path: Assets/LEGO/Prefabs/LEGO Minifigs/Pirate.prefab
  artifactKey: Guid(6b29134dff99b4b5c89eceee36fbb95e) Importer(815301076,1909f56bfc062723c751e8b465ee728b)
Start importing Assets/LEGO/Prefabs/LEGO Minifigs/Pirate.prefab using Guid(6b29134dff99b4b5c89eceee36fbb95e) Importer(815301076,1909f56bfc062723c751e8b465ee728b)  -> (artifact id: '21f012da3f05b4a38ebf3c17a51cf44d') in 0.160488 seconds 
========================================================================
Received Import Request.
  Time since last request: 0.741887 seconds.
  path: Assets/LEGO/Prefabs/LEGO Minifigs/One Button Pizza Boy.prefab
  artifactKey: Guid(f404664eaa5d66a4ca04b24672149c1d) Importer(815301076,1909f56bfc062723c751e8b465ee728b)
Start importing Assets/LEGO/Prefabs/LEGO Minifigs/One Button Pizza Boy.prefab using Guid(f404664eaa5d66a4ca04b24672149c1d) Importer(815301076,1909f56bfc062723c751e8b465ee728b)  -> (artifact id: '5e75078a75868aa363ae10b2f2541d60') in 0.167763 seconds 
========================================================================
Received Import Request.
  Time since last request: 0.797089 seconds.
  path: Assets/LEGO/Prefabs/LEGO Minifigs/One Button Astronaut.prefab
  artifactKey: Guid(a406d8b47c897e64ab2237997389da83) Importer(815301076,1909f56bfc062723c751e8b465ee728b)
Start importing Assets/LEGO/Prefabs/LEGO Minifigs/One Button Astronaut.prefab using Guid(a406d8b47c897e64ab2237997389da83) Importer(815301076,1909f56bfc062723c751e8b465ee728b)  -> (artifact id: '57487cc30650cf763ed8ed8798a2fa7d') in 0.167473 seconds 
========================================================================
Received Import Request.
  Time since last request: 0.627464 seconds.
  path: Assets/LEGO/Prefabs/LEGO Minifigs/One Button Adventurer.prefab
  artifactKey: Guid(c20b4674481d554449eb8192465c813b) Importer(815301076,1909f56bfc062723c751e8b465ee728b)
Start importing Assets/LEGO/Prefabs/LEGO Minifigs/One Button Adventurer.prefab using Guid(c20b4674481d554449eb8192465c813b) Importer(815301076,1909f56bfc062723c751e8b465ee728b)  -> (artifact id: '01e59f317ef86f55b8191795e17b2653') in 0.166977 seconds 
========================================================================
Received Import Request.
  Time since last request: 0.704181 seconds.
  path: Assets/LEGO/Prefabs/LEGO Minifigs/Astronaut.prefab
  artifactKey: Guid(1f174dd798c1d408a9b88ca831df4ac4) Importer(815301076,1909f56bfc062723c751e8b465ee728b)
Start importing Assets/LEGO/Prefabs/LEGO Minifigs/Astronaut.prefab using Guid(1f174dd798c1d408a9b88ca831df4ac4) Importer(815301076,1909f56bfc062723c751e8b465ee728b)  -> (artifact id: 'c73c4ece5e2797c0db392554b9c822d2') in 0.167132 seconds 
========================================================================
Received Import Request.
  Time since last request: 0.673621 seconds.
  path: Assets/LEGO/Prefabs/LEGO Minifigs/Adventurer.prefab
  artifactKey: Guid(934668409d4904809a1489b29640e933) Importer(815301076,1909f56bfc062723c751e8b465ee728b)
Start importing Assets/LEGO/Prefabs/LEGO Minifigs/Adventurer.prefab using Guid(934668409d4904809a1489b29640e933) Importer(815301076,1909f56bfc062723c751e8b465ee728b)  -> (artifact id: '2eed120f1bc5a73996333fe9c18fe2b2') in 0.172042 seconds 
========================================================================
Received Import Request.
  Time since last request: 3.358399 seconds.
  path: Assets/LEGO/Prefabs/LEGO Models/Brick Collections
  artifactKey: Guid(e0a517c0eefda4fd4827787cc4926208) Importer(815301076,1909f56bfc062723c751e8b465ee728b)
Start importing Assets/LEGO/Prefabs/LEGO Models/Brick Collections using Guid(e0a517c0eefda4fd4827787cc4926208) Importer(815301076,1909f56bfc062723c751e8b465ee728b)  -> (artifact id: 'a25604439d8b7f2ae13d0056f882d50e') in 0.003776 seconds 
========================================================================
Received Import Request.
  Time since last request: 1.192982 seconds.
  path: Assets/LEGO/Prefabs/LEGO Models/Brick Collections/Cool Bricks.prefab
  artifactKey: Guid(20ab5867c8d3d4ba983890cd90b6a7be) Importer(815301076,1909f56bfc062723c751e8b465ee728b)
Start importing Assets/LEGO/Prefabs/LEGO Models/Brick Collections/Cool Bricks.prefab using Guid(20ab5867c8d3d4ba983890cd90b6a7be) Importer(815301076,1909f56bfc062723c751e8b465ee728b)  -> (artifact id: '9e63ba52cdb8704822b13308c4cca52c') in 0.628985 seconds 
========================================================================
Received Import Request.
  Time since last request: 11.103052 seconds.
  path: Assets/LEGO/Prefabs/LEGO Models/Brick Collections/Starter Bricks.prefab
  artifactKey: Guid(fd2b330f471624a30ae9c6428f056843) Importer(815301076,1909f56bfc062723c751e8b465ee728b)
Start importing Assets/LEGO/Prefabs/LEGO Models/Brick Collections/Starter Bricks.prefab using Guid(fd2b330f471624a30ae9c6428f056843) Importer(815301076,1909f56bfc062723c751e8b465ee728b)  -> (artifact id: '5d8e63ac5cc74844488bbb1ef81876ab') in 0.074691 seconds 
========================================================================
Received Import Request.
  Time since last request: 9.324797 seconds.
  path: Assets/LEGO/Prefabs/LEGO Models/Buildings/Fence.prefab
  artifactKey: Guid(08f194e70e6666c4d91b53a8fdc85470) Importer(815301076,1909f56bfc062723c751e8b465ee728b)
Start importing Assets/LEGO/Prefabs/LEGO Models/Buildings/Fence.prefab using Guid(08f194e70e6666c4d91b53a8fdc85470) Importer(815301076,1909f56bfc062723c751e8b465ee728b)  -> (artifact id: '85f2d545c6952fe71d08a57259f8a918') in 0.196125 seconds 
========================================================================
Received Import Request.
  Time since last request: 3.308820 seconds.
  path: Assets/LEGO/Prefabs/LEGO Models/Buildings/Tower.prefab
  artifactKey: Guid(87752d9de0a7b5e4886a0fc1c8d64c1d) Importer(815301076,1909f56bfc062723c751e8b465ee728b)
Start importing Assets/LEGO/Prefabs/LEGO Models/Buildings/Tower.prefab using Guid(87752d9de0a7b5e4886a0fc1c8d64c1d) Importer(815301076,1909f56bfc062723c751e8b465ee728b)  -> (artifact id: 'e52bf1a9e88c77ae94705cea787afc0f') in 0.229578 seconds 
========================================================================
Received Import Request.
  Time since last request: 2.405174 seconds.
  path: Assets/LEGO/Prefabs/LEGO Models/Buildings/Temple.prefab
  artifactKey: Guid(6f58d2fd99f634648880f0df7a97dc3e) Importer(815301076,1909f56bfc062723c751e8b465ee728b)
Start importing Assets/LEGO/Prefabs/LEGO Models/Buildings/Temple.prefab using Guid(6f58d2fd99f634648880f0df7a97dc3e) Importer(815301076,1909f56bfc062723c751e8b465ee728b)  -> (artifact id: '86a3b20d82a5fd475ecb95dba497f28f') in 0.189776 seconds 
========================================================================
Received Import Request.
  Time since last request: 5.293356 seconds.
  path: Assets/LEGO/Prefabs/LEGO Models/Characters/Alien.prefab
  artifactKey: Guid(3b69f35b5c82fed44851cf9359486c32) Importer(815301076,1909f56bfc062723c751e8b465ee728b)
Start importing Assets/LEGO/Prefabs/LEGO Models/Characters/Alien.prefab using Guid(3b69f35b5c82fed44851cf9359486c32) Importer(815301076,1909f56bfc062723c751e8b465ee728b)  -> (artifact id: '4afef2a59a437d116c2ca2ff073ba439') in 0.091474 seconds 
========================================================================
Received Import Request.
  Time since last request: 2.434899 seconds.
  path: Assets/LEGO/Prefabs/LEGO Models/Characters/Galo.prefab
  artifactKey: Guid(e3e699aed59724e4b960325459cf8173) Importer(815301076,1909f56bfc062723c751e8b465ee728b)
Start importing Assets/LEGO/Prefabs/LEGO Models/Characters/Galo.prefab using Guid(e3e699aed59724e4b960325459cf8173) Importer(815301076,1909f56bfc062723c751e8b465ee728b)  -> (artifact id: '42c883ebc1dd3a9e869605da0649965b') in 0.081415 seconds 
========================================================================
Received Import Request.
  Time since last request: 11.933098 seconds.
  path: Assets/LEGO/Prefabs/LEGO Models/Environment/Boulder Small.prefab
  artifactKey: Guid(e3731e78348cf4a2fbf6cfdaf610c9b2) Importer(815301076,1909f56bfc062723c751e8b465ee728b)
Start importing Assets/LEGO/Prefabs/LEGO Models/Environment/Boulder Small.prefab using Guid(e3731e78348cf4a2fbf6cfdaf610c9b2) Importer(815301076,1909f56bfc062723c751e8b465ee728b)  -> (artifact id: '2394d1a187571129391bfdfe257a2b98') in 0.048631 seconds 
========================================================================
Received Import Request.
  Time since last request: 1.066204 seconds.
  path: Assets/LEGO/Prefabs/LEGO Models/Environment/Boulder Medium.prefab
  artifactKey: Guid(5d14e1538a936344e9aa65df5b6acc91) Importer(815301076,1909f56bfc062723c751e8b465ee728b)
Start importing Assets/LEGO/Prefabs/LEGO Models/Environment/Boulder Medium.prefab using Guid(5d14e1538a936344e9aa65df5b6acc91) Importer(815301076,1909f56bfc062723c751e8b465ee728b)  -> (artifact id: 'ec59d1ef5b4f5bd05bec70a64367b34d') in 0.086641 seconds 
========================================================================
Received Import Request.
  Time since last request: 3.648340 seconds.
  path: Assets/LEGO/Prefabs/LEGO Models/Plants/Bamboo.prefab
  artifactKey: Guid(867b8f528b39f4a138438678aee738a7) Importer(815301076,1909f56bfc062723c751e8b465ee728b)
Start importing Assets/LEGO/Prefabs/LEGO Models/Plants/Bamboo.prefab using Guid(867b8f528b39f4a138438678aee738a7) Importer(815301076,1909f56bfc062723c751e8b465ee728b)  -> (artifact id: '7bf8f7c8c4d3da1b6626386dfa058606') in 0.067951 seconds 
========================================================================
Received Import Request.
  Time since last request: 4.470703 seconds.
  path: Assets/LEGO/Prefabs/LEGO Models/Plants/Berries.prefab
  artifactKey: Guid(99e5b0c76ad47db429d93097d87d82e5) Importer(815301076,1909f56bfc062723c751e8b465ee728b)
Start importing Assets/LEGO/Prefabs/LEGO Models/Plants/Berries.prefab using Guid(99e5b0c76ad47db429d93097d87d82e5) Importer(815301076,1909f56bfc062723c751e8b465ee728b)  -> (artifact id: 'df3a84dab62eeef87565e167f2fd16eb') in 0.041573 seconds 
========================================================================
Received Import Request.
  Time since last request: 1.886945 seconds.
  path: Assets/LEGO/Prefabs/LEGO Models/Plants/Flowers.prefab
  artifactKey: Guid(a2ae65e677db2464facf7097a46294c4) Importer(815301076,1909f56bfc062723c751e8b465ee728b)
Start importing Assets/LEGO/Prefabs/LEGO Models/Plants/Flowers.prefab using Guid(a2ae65e677db2464facf7097a46294c4) Importer(815301076,1909f56bfc062723c751e8b465ee728b)  -> (artifact id: '13abf1215d4b0da32617612625008b52') in 0.050894 seconds 
========================================================================
Received Import Request.
  Time since last request: 2.544776 seconds.
  path: Assets/LEGO/Prefabs/LEGO Models/Plants/Palm.prefab
  artifactKey: Guid(c111561bb9ed29845910ea93b36ddd04) Importer(815301076,1909f56bfc062723c751e8b465ee728b)
Start importing Assets/LEGO/Prefabs/LEGO Models/Plants/Palm.prefab using Guid(c111561bb9ed29845910ea93b36ddd04) Importer(815301076,1909f56bfc062723c751e8b465ee728b)  -> (artifact id: '511c8eb5bbdb4a2a4e528cf7d6dfcca5') in 0.061787 seconds 
========================================================================
Received Import Request.
  Time since last request: 1.182137 seconds.
  path: Assets/LEGO/Prefabs/LEGO Models/Plants/Shrub.prefab
  artifactKey: Guid(42b8312502cbceb4eab2f6b6f2eca188) Importer(815301076,1909f56bfc062723c751e8b465ee728b)
Start importing Assets/LEGO/Prefabs/LEGO Models/Plants/Shrub.prefab using Guid(42b8312502cbceb4eab2f6b6f2eca188) Importer(815301076,1909f56bfc062723c751e8b465ee728b)  -> (artifact id: 'f137aaac2a7e6ecdf4b62e8c0e3e686b') in 0.051282 seconds 
========================================================================
Received Import Request.
  Time since last request: 1.834193 seconds.
  path: Assets/LEGO/Prefabs/LEGO Models/Plants/Cactus.prefab
  artifactKey: Guid(50fea28fbd3734e49a8840fa067a25b2) Importer(815301076,1909f56bfc062723c751e8b465ee728b)
Start importing Assets/LEGO/Prefabs/LEGO Models/Plants/Cactus.prefab using Guid(50fea28fbd3734e49a8840fa067a25b2) Importer(815301076,1909f56bfc062723c751e8b465ee728b)  -> (artifact id: 'd452e36b81f7c24ad59feb99a04a03eb') in 0.062774 seconds 
========================================================================
Received Import Request.
  Time since last request: 26.243212 seconds.
  path: Assets/LEGO/Prefabs/LEGO Projectiles/Cannonball.prefab
  artifactKey: Guid(3af4bfec8b7f648799fc51246a995e02) Importer(815301076,1909f56bfc062723c751e8b465ee728b)
Start importing Assets/LEGO/Prefabs/LEGO Projectiles/Cannonball.prefab using Guid(3af4bfec8b7f648799fc51246a995e02) Importer(815301076,1909f56bfc062723c751e8b465ee728b)  -> (artifact id: 'ff966279e5855fb3c369fe5d9c83c1e5') in 0.076686 seconds 
========================================================================
Received Import Request.
  Time since last request: 0.000378 seconds.
  path: Assets/LEGO/Materials/Particles/Smoke.mat
  artifactKey: Guid(be888c2603c32441899fcac3ce325ec6) Importer(815301076,1909f56bfc062723c751e8b465ee728b)
Start importing Assets/LEGO/Materials/Particles/Smoke.mat using Guid(be888c2603c32441899fcac3ce325ec6) Importer(815301076,1909f56bfc062723c751e8b465ee728b)  -> (artifact id: '1f33b9caefe744a9ea5e01d565cdfc0d') in 0.349294 seconds 
========================================================================
Received Import Request.
  Time since last request: 0.747794 seconds.
  path: Assets/LEGO/Prefabs/LEGO Projectiles/Laser Beam.prefab
  artifactKey: Guid(114496ea6de0e4bc7860a490da1844df) Importer(815301076,1909f56bfc062723c751e8b465ee728b)
Start importing Assets/LEGO/Prefabs/LEGO Projectiles/Laser Beam.prefab using Guid(114496ea6de0e4bc7860a490da1844df) Importer(815301076,1909f56bfc062723c751e8b465ee728b)  -> (artifact id: '7f14223809ba1defc513c4f2bb43be44') in 0.069724 seconds 
========================================================================
Received Import Request.
  Time since last request: 0.000284 seconds.
  path: Assets/LEGO/Materials/Particles/Sparkle.mat
  artifactKey: Guid(6d2cc003531254d44ae04da55c7e1f8e) Importer(815301076,1909f56bfc062723c751e8b465ee728b)
Start importing Assets/LEGO/Materials/Particles/Sparkle.mat using Guid(6d2cc003531254d44ae04da55c7e1f8e) Importer(815301076,1909f56bfc062723c751e8b465ee728b)  -> (artifact id: '05eee7c12c36b5f57556fa705023910a') in 0.021276 seconds 
========================================================================
Received Import Request.
  Time since last request: 6.207950 seconds.
  path: Assets/LEGO/Prefabs/UI/Game HUD.prefab
  artifactKey: Guid(68ea2f971bec30347ad00bc8f4e78891) Importer(815301076,1909f56bfc062723c751e8b465ee728b)
Start importing Assets/LEGO/Prefabs/UI/Game HUD.prefab using Guid(68ea2f971bec30347ad00bc8f4e78891) Importer(815301076,1909f56bfc062723c751e8b465ee728b)  -> (artifact id: 'e664db38e1ae32997245f052ba1dd932') in 0.123324 seconds 
========================================================================
Received Import Request.
  Time since last request: 14.412020 seconds.
  path: Assets/LEGO/Prefabs/LEGO Models/Contraptions/Cannon.prefab
  artifactKey: Guid(7c664b531d27b440f9cd941fb0c3afb4) Importer(815301076,1909f56bfc062723c751e8b465ee728b)
Start importing Assets/LEGO/Prefabs/LEGO Models/Contraptions/Cannon.prefab using Guid(7c664b531d27b440f9cd941fb0c3afb4) Importer(815301076,1909f56bfc062723c751e8b465ee728b)  -> (artifact id: 'c0967454df9c1c264707a56a388d792d') in 0.170401 seconds 
========================================================================
Received Import Request.
  Time since last request: 1.076122 seconds.
  path: Assets/LEGO/Prefabs/LEGO Models/Contraptions/Console.prefab
  artifactKey: Guid(00485fc7a1a3d4fe2943950849eacd0d) Importer(815301076,1909f56bfc062723c751e8b465ee728b)
Start importing Assets/LEGO/Prefabs/LEGO Models/Contraptions/Console.prefab using Guid(00485fc7a1a3d4fe2943950849eacd0d) Importer(815301076,1909f56bfc062723c751e8b465ee728b)  -> (artifact id: '5eb693b4dcf51ac0ef0c89d36084f840') in 0.049633 seconds 
