Using pre-set license
Built from '2020.3/staging' branch; Version is '2020.3.40f1 (ba48d4efcef1) revision 12208340'; Using compiler version '192528614'; Build Type 'Release'
OS: 'Windows 11  (10.0.22621) 64bit CoreCountrySpecific' Language: 'zh' Physical Memory: 16052 MB
BatchMode: 1, IsHumanControllingUs: 0, StartBugReporterOnCrash: 0, Is64bit: 1, IsPro: 0

COMMAND LINE ARGUMENTS:
C:\Program Files\Unity\Hub\Editor\2020.3.40f1\Editor\Unity.exe
-adb2
-batchMode
-noUpm
-name
AssetImportWorker0
-projectPath
C:/Users/Lichao/Documents/GitHub/VR-Privacy/App/My project (3)
-logFile
Logs/AssetImportWorker0.log
-srvPort
57859
Successfully changed project path to: C:/Users/Lichao/Documents/GitHub/VR-Privacy/App/My project (3)
C:/Users/Lichao/Documents/GitHub/VR-Privacy/App/My project (3)
Using Asset Import Pipeline V2.
Refreshing native plugins compatible for Editor in 58.62 ms, found 11 plugins.
Preloading 2 native plugins for Editor in 3.85 ms.
Initialize engine version: 2020.3.40f1 (ba48d4efcef1)
[Subsystems] Discovering subsystems at path C:/Program Files/Unity/Hub/Editor/2020.3.40f1/Editor/Data/Resources/UnitySubsystems
[Subsystems] Discovering subsystems at path C:/Users/Lichao/Documents/GitHub/VR-Privacy/App/My project (3)/Assets
GfxDevice: creating device client; threaded=0
Direct3D:
    Version:  Direct3D 11.0 [level 11.1]
    Renderer: NVIDIA GeForce RTX 3060 Laptop GPU (ID=0x2520)
    Vendor:   
    VRAM:     6023 MB
    Driver:   30.0.15.1278
Initialize mono
Mono path[0] = 'C:/Program Files/Unity/Hub/Editor/2020.3.40f1/Editor/Data/Managed'
Mono path[1] = 'C:/Program Files/Unity/Hub/Editor/2020.3.40f1/Editor/Data/MonoBleedingEdge/lib/mono/unityjit'
Mono config path = 'C:/Program Files/Unity/Hub/Editor/2020.3.40f1/Editor/Data/MonoBleedingEdge/etc'
Using monoOptions --debugger-agent=transport=dt_socket,embedding=1,server=y,suspend=n,address=127.0.0.1:56040
Begin MonoManager ReloadAssembly
Registering precompiled unity dll's ...
Register platform support module: C:/Program Files/Unity/Hub/Editor/2020.3.40f1/Editor/Data/PlaybackEngines/WindowsStandaloneSupport/UnityEditor.WindowsStandalone.Extensions.dll
Registered in 0.001334 seconds.
Native extension for WindowsStandalone target not found
Refreshing native plugins compatible for Editor in 52.67 ms, found 11 plugins.
Preloading 2 native plugins for Editor in 0.11 ms.
Mono: successfully reloaded assembly
- Completed reload, in  0.436 seconds
Domain Reload Profiling:
	ReloadAssembly (436ms)
		BeginReloadAssembly (51ms)
			ExecutionOrderSort (0ms)
			DisableScriptedObjects (0ms)
			BackupInstance (0ms)
			ReleaseScriptingObjects (0ms)
			CreateAndSetChildDomain (0ms)
		EndReloadAssembly (334ms)
			LoadAssemblies (50ms)
			RebuildTransferFunctionScriptingTraits (0ms)
			SetupTypeCache (107ms)
			ReleaseScriptCaches (0ms)
			RebuildScriptCaches (17ms)
			SetupLoadedEditorAssemblies (137ms)
				LogAssemblyErrors (0ms)
				InitializePlatformSupportModulesInManaged (3ms)
				SetLoadedEditorAssemblies (0ms)
				RefreshPlugins (53ms)
				BeforeProcessingInitializeOnLoad (6ms)
				ProcessInitializeOnLoadAttributes (55ms)
				ProcessInitializeOnLoadMethodAttributes (20ms)
				AfterProcessingInitializeOnLoad (0ms)
				EditorAssembliesLoaded (0ms)
			ExecutionOrderSort2 (0ms)
			AwakeInstancesAfterBackupRestoration (0ms)
Platform modules already initialized, skipping
Registering precompiled user dll's ...
Registered in 0.006255 seconds.
Begin MonoManager ReloadAssembly
Native extension for WindowsStandalone target not found
Refreshing native plugins compatible for Editor in 52.84 ms, found 11 plugins.
Preloading 2 native plugins for Editor in 0.09 ms.
[XR] OculusXRPlugin: registering subsystems
[XR] Unable to register display lifecyle provider: [1]
[XR] Oculus Input lifecycle provider registered.
[XR] Unable to register input lifecyle provider: [1]
System.Reflection.TargetInvocationException: Exception has been thrown by the target of an invocation. ---> System.NullReferenceException: Object reference not set to an instance of an object
  at Unity.XR.Oculus.OculusLoader.AssetPathToAbsolutePath (System.String assetPath) [0x00048] in C:\Users\Lichao\Documents\GitHub\VR-Privacy\App\My project (3)\Library\PackageCache\com.unity.xr.oculus@1.12.1\Runtime\OculusLoader.cs:265 
  at Unity.XR.Oculus.OculusLoader.EditorLoadOVRPlugin () [0x0007b] in C:\Users\Lichao\Documents\GitHub\VR-Privacy\App\My project (3)\Library\PackageCache\com.unity.xr.oculus@1.12.1\Runtime\OculusLoader.cs:250 
  at (wrapper managed-to-native) System.Reflection.MonoMethod.InternalInvoke(System.Reflection.MonoMethod,object,object[],System.Exception&)
  at System.Reflection.MonoMethod.Invoke (System.Object obj, System.Reflection.BindingFlags invokeAttr, System.Reflection.Binder binder, System.Object[] parameters, System.Globalization.CultureInfo culture) [0x00032] in <695d1cc93cca45069c528c15c9fdd749>:0 
   --- End of inner exception stack trace ---
  at System.Reflection.MonoMethod.Invoke (System.Object obj, System.Reflection.BindingFlags invokeAttr, System.Reflection.Binder binder, System.Object[] parameters, System.Globalization.CultureInfo culture) [0x00048] in <695d1cc93cca45069c528c15c9fdd749>:0 
  at System.Reflection.MethodBase.Invoke (System.Object obj, System.Object[] parameters) [0x00000] in <695d1cc93cca45069c528c15c9fdd749>:0 
  at UnityEditor.EditorAssemblies.ProcessInitializeOnLoadMethodAttributes () [0x00047] in <92e8e151ac2247a491cb6ca42a1bead9>:0 
UnityEngine.StackTraceUtility:ExtractStackTrace ()
UnityEngine.DebugLogHandler:LogFormat (UnityEngine.LogType,UnityEngine.Object,string,object[])
UnityEngine.Logger:Log (UnityEngine.LogType,object)
UnityEngine.Debug:LogError (object)
UnityEditor.EditorAssemblies:ProcessInitializeOnLoadMethodAttributes ()

Mono: successfully reloaded assembly
- Completed reload, in  0.828 seconds
Domain Reload Profiling:
	ReloadAssembly (829ms)
		BeginReloadAssembly (97ms)
			ExecutionOrderSort (0ms)
			DisableScriptedObjects (3ms)
			BackupInstance (0ms)
			ReleaseScriptingObjects (0ms)
			CreateAndSetChildDomain (13ms)
		EndReloadAssembly (693ms)
			LoadAssemblies (65ms)
			RebuildTransferFunctionScriptingTraits (0ms)
			SetupTypeCache (207ms)
			ReleaseScriptCaches (0ms)
			RebuildScriptCaches (33ms)
			SetupLoadedEditorAssemblies (312ms)
				LogAssemblyErrors (0ms)
				InitializePlatformSupportModulesInManaged (3ms)
				SetLoadedEditorAssemblies (0ms)
				RefreshPlugins (53ms)
				BeforeProcessingInitializeOnLoad (50ms)
				ProcessInitializeOnLoadAttributes (176ms)
				ProcessInitializeOnLoadMethodAttributes (27ms)
				AfterProcessingInitializeOnLoad (4ms)
				EditorAssembliesLoaded (0ms)
			ExecutionOrderSort2 (0ms)
			AwakeInstancesAfterBackupRestoration (1ms)
Platform modules already initialized, skipping
========================================================================
Worker process is ready to serve import requests
Launched and connected shader compiler UnityShaderCompiler.exe after 0.03 seconds
Refreshing native plugins compatible for Editor in 1.09 ms, found 11 plugins.
Preloading 2 native plugins for Editor in 0.17 ms.
Unloading 2697 Unused Serialized files (Serialized files now loaded: 0)
System memory in use before: 116.6 MB.
System memory in use after: 116.8 MB.

Unloading 23 unused Assets to reduce memory usage. Loaded Objects now: 3151.
Total: 2.307900 ms (FindLiveObjects: 0.127500 ms CreateObjectMapping: 0.052600 ms MarkObjects: 2.062100 ms  DeleteObjects: 0.065000 ms)

AssetImportParameters requested are different than current active one (requested -> active):
  custom:framework-win-MediaFoundation: 216162199b28c13a410421893ffa2e32 -> 
  custom:video-decoder-ogg-theora: a1e56fd34408186e4bbccfd4996cb3dc -> 
  custom:container-muxer-webm: aa71ff27fc2769a1b78a27578f13a17b -> 
  custom:container-demuxer-webm: 4f35f7cbe854078d1ac9338744f61a02 -> 
  custom:container-demuxer-ogg: 62fdf1f143b41e24485cea50d1cbac27 -> 
  custom:video-encoder-webm-vp8: eb34c28f22e8b96e1ab97ce403110664 -> 
  custom:video-codec-MediaFoundation-h265: 746d11721c4dcdbdad8f713fa42b33f4 -> 
  custom:video-decoder-webm-vp8: 9c59270c3fd7afecdb556c50c9e8de78 -> 
  custom:audio-decoder-ogg-vorbis: bf7c407c2cedff20999df2af8eb42d56 -> 
  custom:audio-encoder-webm-vorbis: bf7c407c2cedff20999df2af8eb42d56 -> 
========================================================================
Received Import Request.
  path: Assets/import/city-scene
  artifactKey: Guid(3a57baa0e5e8e4ddf9dad529c48739ff) Importer(815301076,1909f56bfc062723c751e8b465ee728b)
Start importing Assets/import/city-scene using Guid(3a57baa0e5e8e4ddf9dad529c48739ff) Importer(815301076,1909f56bfc062723c751e8b465ee728b)  -> (artifact id: 'f94ce1a98cdc170c1a8e052c7039ca9a') in 0.005342 seconds 
========================================================================
Received Import Request.
  Time since last request: 0.000237 seconds.
  path: Assets/import/model/watch.fbx
  artifactKey: Guid(c0ce486b1328d8748a76b418fc51b590) Importer(815301076,1909f56bfc062723c751e8b465ee728b)
Start importing Assets/import/model/watch.fbx using Guid(c0ce486b1328d8748a76b418fc51b590) Importer(815301076,1909f56bfc062723c751e8b465ee728b)  -> (artifact id: 'c1091d31b4d79c9a0e71be2f25e64d6e') in 0.050159 seconds 
========================================================================
Received Import Request.
  Time since last request: 0.000204 seconds.
  path: Assets/import/model/catTimeline.playable
  artifactKey: Guid(4d67e522cb3ad504590681fb372fcff2) Importer(815301076,1909f56bfc062723c751e8b465ee728b)
Start importing Assets/import/model/catTimeline.playable using Guid(4d67e522cb3ad504590681fb372fcff2) Importer(815301076,1909f56bfc062723c751e8b465ee728b)  -> (artifact id: '38c1e9663db71ce1f7fb0071a6dde639') in 0.013733 seconds 
========================================================================
Received Import Request.
  Time since last request: 0.000141 seconds.
  path: Assets/import/model/odun.fbx
  artifactKey: Guid(9cbea0307f8b3d040b0f78b57bd46460) Importer(815301076,1909f56bfc062723c751e8b465ee728b)
Start importing Assets/import/model/odun.fbx using Guid(9cbea0307f8b3d040b0f78b57bd46460) Importer(815301076,1909f56bfc062723c751e8b465ee728b)  -> (artifact id: 'd07a7c1db4542edac7461f33a0bb2d83') in 0.109667 seconds 
========================================================================
Received Import Request.
  Time since last request: 0.000192 seconds.
  path: Assets/import/model/gatefence.fbx
  artifactKey: Guid(a2b6ce9b0cf2d694e975130253c75687) Importer(815301076,1909f56bfc062723c751e8b465ee728b)
Start importing Assets/import/model/gatefence.fbx using Guid(a2b6ce9b0cf2d694e975130253c75687) Importer(815301076,1909f56bfc062723c751e8b465ee728b)  -> (artifact id: '90ffc9744ed4c978d4a71ffc7416c3c0') in 0.171141 seconds 
========================================================================
Received Import Request.
  Time since last request: 0.000174 seconds.
  path: Assets/import/model/cat.fbx
  artifactKey: Guid(ec5e6c1cf7379244f8376cb6dd7c9afd) Importer(815301076,1909f56bfc062723c751e8b465ee728b)
Start importing Assets/import/model/cat.fbx using Guid(ec5e6c1cf7379244f8376cb6dd7c9afd) Importer(815301076,1909f56bfc062723c751e8b465ee728b)  -> (artifact id: 'f18ae15b6a2fdc0d3d9c4b5f0c0dc53a') in 0.054787 seconds 
========================================================================
Received Import Request.
  Time since last request: 0.000197 seconds.
  path: Assets/import/model/fence.prefab
  artifactKey: Guid(ef5b2e213c0bf394383e6b18071ee158) Importer(815301076,1909f56bfc062723c751e8b465ee728b)
Start importing Assets/import/model/fence.prefab using Guid(ef5b2e213c0bf394383e6b18071ee158) Importer(815301076,1909f56bfc062723c751e8b465ee728b)  -> (artifact id: '97d4747f5d1d8bde82f955513a8e13a3') in 0.022949 seconds 
========================================================================
Received Import Request.
  Time since last request: 0.000233 seconds.
  path: Assets/import/model/GameObjectTimeline.playable
  artifactKey: Guid(cda854797716c4642a994e6ad867f819) Importer(815301076,1909f56bfc062723c751e8b465ee728b)
Start importing Assets/import/model/GameObjectTimeline.playable using Guid(cda854797716c4642a994e6ad867f819) Importer(815301076,1909f56bfc062723c751e8b465ee728b)  -> (artifact id: '2809f44de807992f2a799aaea1d8557f') in 0.003684 seconds 
========================================================================
Received Import Request.
  Time since last request: 0.000132 seconds.
  path: Assets/import/model/whitePicketFence.fbx
  artifactKey: Guid(74c3610abe80c34498d903cee05a8b34) Importer(815301076,1909f56bfc062723c751e8b465ee728b)
Start importing Assets/import/model/whitePicketFence.fbx using Guid(74c3610abe80c34498d903cee05a8b34) Importer(815301076,1909f56bfc062723c751e8b465ee728b)  -> (artifact id: '48cc73d206ae1545073d5870b9f619d9') in 0.081756 seconds 
========================================================================
Received Import Request.
  Time since last request: 13.564190 seconds.
  path: Assets/Scenes/eye.png
  artifactKey: Guid(b7413a579215548009aa3a99b8fd7f9a) Importer(815301076,1909f56bfc062723c751e8b465ee728b)
Start importing Assets/Scenes/eye.png using Guid(b7413a579215548009aa3a99b8fd7f9a) Importer(815301076,1909f56bfc062723c751e8b465ee728b)  -> (artifact id: 'bf25f0ae28a9a6c6795545c50a45bf24') in 0.019602 seconds 
========================================================================
Received Import Request.
  Time since last request: 0.000169 seconds.
  path: Assets/Scenes/recording white.png
  artifactKey: Guid(3d0930df849454f0d8a1861a82f697c7) Importer(815301076,1909f56bfc062723c751e8b465ee728b)
Start importing Assets/Scenes/recording white.png using Guid(3d0930df849454f0d8a1861a82f697c7) Importer(815301076,1909f56bfc062723c751e8b465ee728b)  -> (artifact id: '7e7795f327c04718696bae3f67b00cbb') in 0.012630 seconds 
========================================================================
Received Import Request.
  Time since last request: 0.000180 seconds.
  path: Assets/Scenes/recording.png
  artifactKey: Guid(77ecea4f8aa7f48b89d926ddaf33c217) Importer(815301076,1909f56bfc062723c751e8b465ee728b)
Start importing Assets/Scenes/recording.png using Guid(77ecea4f8aa7f48b89d926ddaf33c217) Importer(815301076,1909f56bfc062723c751e8b465ee728b)  -> (artifact id: '9f965d9a2e8ff87fd38ea32bcc62bbc4') in 0.008699 seconds 
========================================================================
Received Import Request.
  Time since last request: 0.000170 seconds.
  path: Assets/Scenes/privacy alert-01.png
  artifactKey: Guid(e4582d155f79e4f41ac393f00774a1fe) Importer(815301076,1909f56bfc062723c751e8b465ee728b)
Start importing Assets/Scenes/privacy alert-01.png using Guid(e4582d155f79e4f41ac393f00774a1fe) Importer(815301076,1909f56bfc062723c751e8b465ee728b)  -> (artifact id: '12169b4d0ae6fc4325877c0e4f346e04') in 0.011735 seconds 
========================================================================
Received Import Request.
  Time since last request: 0.000195 seconds.
  path: Assets/Scenes/PLACA DE PARE.fbx
  artifactKey: Guid(eec8debc453ab418199de5e041b59136) Importer(815301076,1909f56bfc062723c751e8b465ee728b)
Start importing Assets/Scenes/PLACA DE PARE.fbx using Guid(eec8debc453ab418199de5e041b59136) Importer(815301076,1909f56bfc062723c751e8b465ee728b)  -> (artifact id: '1eed0b29b9d7636712f4355fed1f405e') in 0.043350 seconds 
========================================================================
Received Import Request.
  Time since last request: 0.000238 seconds.
  path: Assets/Scenes/untitled.fbx
  artifactKey: Guid(4aeb7509c60e041409918ea3229ee1bd) Importer(815301076,1909f56bfc062723c751e8b465ee728b)
Start importing Assets/Scenes/untitled.fbx using Guid(4aeb7509c60e041409918ea3229ee1bd) Importer(815301076,1909f56bfc062723c751e8b465ee728b)  -> (artifact id: '07906f3cf5253deb9361e610691acbcc') in 0.015376 seconds 
========================================================================
Received Import Request.
  Time since last request: 12.804812 seconds.
  path: Assets/Cats/cat.mat
  artifactKey: Guid(a3a886176d4100146994fcb2ea6946ef) Importer(815301076,1909f56bfc062723c751e8b465ee728b)
Start importing Assets/Cats/cat.mat using Guid(a3a886176d4100146994fcb2ea6946ef) Importer(815301076,1909f56bfc062723c751e8b465ee728b)  -> (artifact id: '10c8189cba306998b3fcc72eb97a2368') in 0.008296 seconds 
========================================================================
Received Import Request.
  Time since last request: 0.000291 seconds.
  path: Assets/Cats/untitled.fbx
  artifactKey: Guid(00f417d2d7251c4448f54f829b30854a) Importer(815301076,1909f56bfc062723c751e8b465ee728b)
Start importing Assets/Cats/untitled.fbx using Guid(00f417d2d7251c4448f54f829b30854a) Importer(815301076,1909f56bfc062723c751e8b465ee728b)  -> (artifact id: '1a3f6b81b0989e543aa7fb10fafef571') in 0.024526 seconds 
========================================================================
Received Import Request.
  Time since last request: 13.659089 seconds.
  path: Assets/Cats/Materials
  artifactKey: Guid(8b269142d3c5ab3468d93631fc85f66b) Importer(815301076,1909f56bfc062723c751e8b465ee728b)
Start importing Assets/Cats/Materials using Guid(8b269142d3c5ab3468d93631fc85f66b) Importer(815301076,1909f56bfc062723c751e8b465ee728b)  -> (artifact id: '046194068b173231ad8d4bafb558a1d7') in 0.002837 seconds 
========================================================================
Received Import Request.
  Time since last request: 0.378063 seconds.
  path: Assets/Cats/Materials/cat.jpg
  artifactKey: Guid(1bf0a0a12e62faf49ac9694c8c769345) Importer(815301076,1909f56bfc062723c751e8b465ee728b)
Start importing Assets/Cats/Materials/cat.jpg using Guid(1bf0a0a12e62faf49ac9694c8c769345) Importer(815301076,1909f56bfc062723c751e8b465ee728b)  -> (artifact id: '27e722a373f28a0848936b6291e17d15') in 0.014885 seconds 
========================================================================
Received Import Request.
  Time since last request: 0.000232 seconds.
  path: Assets/Cats/Materials/Tex_Cat_Caramel.mat
  artifactKey: Guid(ad65ae414dcee8d459b3a3dd9a4bbd77) Importer(815301076,1909f56bfc062723c751e8b465ee728b)
Start importing Assets/Cats/Materials/Tex_Cat_Caramel.mat using Guid(ad65ae414dcee8d459b3a3dd9a4bbd77) Importer(815301076,1909f56bfc062723c751e8b465ee728b)  -> (artifact id: '3d211029aed7bb6ba7c2b8138727b1b7') in 0.007527 seconds 
========================================================================
Received Import Request.
  Time since last request: 0.000426 seconds.
  path: Assets/Cats/Materials/Mat_Gradient.mat
  artifactKey: Guid(0f623fb0c32b69747a3c5850ddbf1357) Importer(815301076,1909f56bfc062723c751e8b465ee728b)
Start importing Assets/Cats/Materials/Mat_Gradient.mat using Guid(0f623fb0c32b69747a3c5850ddbf1357) Importer(815301076,1909f56bfc062723c751e8b465ee728b)  -> (artifact id: '113caa265b76b1b5461e58a7281c3c18') in 0.008719 seconds 
========================================================================
Received Import Request.
  Time since last request: 11.125542 seconds.
  path: Assets/ExampleAssets/Materials/Controller.mat
  artifactKey: Guid(3d2e36aacd7dc084b96e0755f1af4137) Importer(815301076,1909f56bfc062723c751e8b465ee728b)
Start importing Assets/ExampleAssets/Materials/Controller.mat using Guid(3d2e36aacd7dc084b96e0755f1af4137) Importer(815301076,1909f56bfc062723c751e8b465ee728b)  -> (artifact id: '4ed690c8eb5f5cfb0ed8f34488606951') in 0.007288 seconds 
========================================================================
Received Import Request.
  Time since last request: 0.000180 seconds.
  path: Assets/ExampleAssets/Materials/Grid.mat
  artifactKey: Guid(3f9336a53d1d2ea43895699cc52cb411) Importer(815301076,1909f56bfc062723c751e8b465ee728b)
Start importing Assets/ExampleAssets/Materials/Grid.mat using Guid(3f9336a53d1d2ea43895699cc52cb411) Importer(815301076,1909f56bfc062723c751e8b465ee728b)  -> (artifact id: '84b1afa5a4c398f8c6d04fe20bcce0a1') in 0.008510 seconds 
========================================================================
Received Import Request.
  Time since last request: 0.000242 seconds.
  path: Assets/ExampleAssets/Materials/Skybox Light.mat
  artifactKey: Guid(3a408e788dcbed6429c8d22a01b32a76) Importer(815301076,1909f56bfc062723c751e8b465ee728b)
Start importing Assets/ExampleAssets/Materials/Skybox Light.mat using Guid(3a408e788dcbed6429c8d22a01b32a76) Importer(815301076,1909f56bfc062723c751e8b465ee728b)  -> (artifact id: 'bbe2ed09cbc21f56a539018e1e111534') in 0.059363 seconds 
========================================================================
Received Import Request.
  Time since last request: 0.442010 seconds.
  path: Assets/ExampleAssets/Models/XRControllerLeft.fbx
  artifactKey: Guid(e48d18018a0ba46c283d9fd9c227e578) Importer(815301076,1909f56bfc062723c751e8b465ee728b)
Start importing Assets/ExampleAssets/Models/XRControllerLeft.fbx using Guid(e48d18018a0ba46c283d9fd9c227e578) Importer(815301076,1909f56bfc062723c751e8b465ee728b)  -> (artifact id: 'cd05f0e209cd85eec32782113b2c6fcf') in 0.050402 seconds 
========================================================================
Received Import Request.
  Time since last request: 0.000142 seconds.
  path: Assets/ExampleAssets/Models/XRControllerRight.fbx
  artifactKey: Guid(2d10b9b89f2474de9800b152c3d00004) Importer(815301076,1909f56bfc062723c751e8b465ee728b)
Start importing Assets/ExampleAssets/Models/XRControllerRight.fbx using Guid(2d10b9b89f2474de9800b152c3d00004) Importer(815301076,1909f56bfc062723c751e8b465ee728b)  -> (artifact id: '97f2e3114097cb5814b4bda87fae6ba9') in 0.054881 seconds 
========================================================================
Received Import Request.
  Time since last request: 0.496575 seconds.
  path: Assets/ExampleAssets/Prefabs/XRControllerLeft.prefab
  artifactKey: Guid(5b158b94c373d4b4f9e98cdb92789343) Importer(815301076,1909f56bfc062723c751e8b465ee728b)
Start importing Assets/ExampleAssets/Prefabs/XRControllerLeft.prefab using Guid(5b158b94c373d4b4f9e98cdb92789343) Importer(815301076,1909f56bfc062723c751e8b465ee728b)  -> (artifact id: '2d6db2da927b519569e6097db7cc483c') in 0.007766 seconds 
========================================================================
Received Import Request.
  Time since last request: 0.000155 seconds.
  path: Assets/ExampleAssets/Prefabs/XRControllerRight.prefab
  artifactKey: Guid(1f4d373a613d0466fbd8849470265852) Importer(815301076,1909f56bfc062723c751e8b465ee728b)
Start importing Assets/ExampleAssets/Prefabs/XRControllerRight.prefab using Guid(1f4d373a613d0466fbd8849470265852) Importer(815301076,1909f56bfc062723c751e8b465ee728b)  -> (artifact id: '629c3fa7b7eb611a1e12608236f6d006') in 0.007890 seconds 
========================================================================
Received Import Request.
  Time since last request: 0.531092 seconds.
  path: Assets/ExampleAssets/Textures/Grid_Light_512x512.png
  artifactKey: Guid(a5888ab2610a91d40a5deefc40b7bfe4) Importer(815301076,1909f56bfc062723c751e8b465ee728b)
Start importing Assets/ExampleAssets/Textures/Grid_Light_512x512.png using Guid(a5888ab2610a91d40a5deefc40b7bfe4) Importer(815301076,1909f56bfc062723c751e8b465ee728b)  -> (artifact id: '2464079c342ab15286a76c73ee04235b') in 0.007163 seconds 
========================================================================
Received Import Request.
  Time since last request: 0.861136 seconds.
  path: Assets/ExampleAssets/Tutorial/VRTutorialContainer.asset
  artifactKey: Guid(66a752886585f42d5b39f6f643d399f9) Importer(815301076,1909f56bfc062723c751e8b465ee728b)
Start importing Assets/ExampleAssets/Tutorial/VRTutorialContainer.asset using Guid(66a752886585f42d5b39f6f643d399f9) Importer(815301076,1909f56bfc062723c751e8b465ee728b)  -> (artifact id: '7f8f31a6073d12b16d0bf3ab9937a0dc') in 0.006852 seconds 
========================================================================
Received Import Request.
  Time since last request: 0.000137 seconds.
  path: Assets/ExampleAssets/Tutorial/VRTutorialStyle.asset
  artifactKey: Guid(148a9beb0fa9a4026a837fad3a14e6a4) Importer(815301076,1909f56bfc062723c751e8b465ee728b)
Start importing Assets/ExampleAssets/Tutorial/VRTutorialStyle.asset using Guid(148a9beb0fa9a4026a837fad3a14e6a4) Importer(815301076,1909f56bfc062723c751e8b465ee728b)  -> (artifact id: '8dca5db9347dd0b200e39b9e8e8bdc53') in 0.014394 seconds 
========================================================================
Received Import Request.
  Time since last request: 0.000207 seconds.
  path: Assets/ExampleAssets/Tutorial/VRTutorialWelcomePage.asset
  artifactKey: Guid(3bf5c60804f704e11826afa05a7e2152) Importer(815301076,1909f56bfc062723c751e8b465ee728b)
Start importing Assets/ExampleAssets/Tutorial/VRTutorialWelcomePage.asset using Guid(3bf5c60804f704e11826afa05a7e2152) Importer(815301076,1909f56bfc062723c751e8b465ee728b)  -> (artifact id: '33836ea46f643bfd62f8aea304f47cae') in 0.009444 seconds 
========================================================================
Received Import Request.
  Time since last request: 0.000205 seconds.
  path: Assets/ExampleAssets/Tutorial/VRTutorialProjectSettings.asset
  artifactKey: Guid(76b4acc4d12394f60a5accbec43ae2a7) Importer(815301076,1909f56bfc062723c751e8b465ee728b)
Start importing Assets/ExampleAssets/Tutorial/VRTutorialProjectSettings.asset using Guid(76b4acc4d12394f60a5accbec43ae2a7) Importer(815301076,1909f56bfc062723c751e8b465ee728b)  -> (artifact id: '38a1b27bc94a34bf817f413d8bce5db5') in 0.008873 seconds 
========================================================================
Received Import Request.
  Time since last request: 58.590218 seconds.
  path: Assets/import/city-scene/source/CITY.fbx
  artifactKey: Guid(35e976d8806094e72910ca8409981482) Importer(815301076,1909f56bfc062723c751e8b465ee728b)
Start importing Assets/import/city-scene/source/CITY.fbx using Guid(35e976d8806094e72910ca8409981482) Importer(815301076,1909f56bfc062723c751e8b465ee728b)  -> (artifact id: 'd8e740c6c6f2e2da1189f98981bc5c42') in 1.476053 seconds 
========================================================================
Received Import Request.
  Time since last request: 0.000238 seconds.
  path: Assets/import/city-scene/textures/T_Cracked_wall_D.png
  artifactKey: Guid(36cf335c816934091a50bd9e58c76fbe) Importer(815301076,1909f56bfc062723c751e8b465ee728b)
Start importing Assets/import/city-scene/textures/T_Cracked_wall_D.png using Guid(36cf335c816934091a50bd9e58c76fbe) Importer(815301076,1909f56bfc062723c751e8b465ee728b)  -> (artifact id: 'dbe19b15215c1f447b1f0f4fdf2f2aa8') in 0.011409 seconds 
========================================================================
Received Import Request.
  Time since last request: 0.000255 seconds.
  path: Assets/import/city-scene/textures/T_branch_D.png
  artifactKey: Guid(139f9374807754df586c1be4825408d5) Importer(815301076,1909f56bfc062723c751e8b465ee728b)
Start importing Assets/import/city-scene/textures/T_branch_D.png using Guid(139f9374807754df586c1be4825408d5) Importer(815301076,1909f56bfc062723c751e8b465ee728b)  -> (artifact id: '9e2de92dc4b1dfecd157a09629bfdc0f') in 0.008576 seconds 
========================================================================
Received Import Request.
  Time since last request: 0.000243 seconds.
  path: Assets/import/city-scene/textures/T_Chair_D.png
  artifactKey: Guid(0d84e31ee09844199a3edcfb8dfcaeaa) Importer(815301076,1909f56bfc062723c751e8b465ee728b)
Start importing Assets/import/city-scene/textures/T_Chair_D.png using Guid(0d84e31ee09844199a3edcfb8dfcaeaa) Importer(815301076,1909f56bfc062723c751e8b465ee728b)  -> (artifact id: 'fdef118fc2fba452570f0e108ddf578b') in 0.009860 seconds 
========================================================================
Received Import Request.
  Time since last request: 0.000235 seconds.
  path: Assets/import/city-scene/textures/T_damaged_plaster_D.png
  artifactKey: Guid(25cfcffb0540940d8900678e39b276a4) Importer(815301076,1909f56bfc062723c751e8b465ee728b)
Start importing Assets/import/city-scene/textures/T_damaged_plaster_D.png using Guid(25cfcffb0540940d8900678e39b276a4) Importer(815301076,1909f56bfc062723c751e8b465ee728b)  -> (artifact id: '8394e6e607600e3b09b75000f969ddfc') in 0.009044 seconds 
========================================================================
Received Import Request.
  Time since last request: 0.000241 seconds.
  path: Assets/import/city-scene/textures/T_damaged_plaster_2_D.png
  artifactKey: Guid(331e27282e2f24b22877a818c864867a) Importer(815301076,1909f56bfc062723c751e8b465ee728b)
Start importing Assets/import/city-scene/textures/T_damaged_plaster_2_D.png using Guid(331e27282e2f24b22877a818c864867a) Importer(815301076,1909f56bfc062723c751e8b465ee728b)  -> (artifact id: 'df25fc3def5adccc9e010ae7fa218e69') in 0.008514 seconds 
========================================================================
Received Import Request.
  Time since last request: 0.000177 seconds.
  path: Assets/import/city-scene/textures/T_Bike_O.png
  artifactKey: Guid(6bfe44ffd45cd46f9a9645f5bb7539e8) Importer(815301076,1909f56bfc062723c751e8b465ee728b)
Start importing Assets/import/city-scene/textures/T_Bike_O.png using Guid(6bfe44ffd45cd46f9a9645f5bb7539e8) Importer(815301076,1909f56bfc062723c751e8b465ee728b)  -> (artifact id: '7abce67af727919b886a12d062f4ee5d') in 0.008820 seconds 
========================================================================
Received Import Request.
  Time since last request: 0.000204 seconds.
  path: Assets/import/city-scene/textures/T_Bench_D.png
  artifactKey: Guid(c1d4246817d38429fbae7457465fdd13) Importer(815301076,1909f56bfc062723c751e8b465ee728b)
Start importing Assets/import/city-scene/textures/T_Bench_D.png using Guid(c1d4246817d38429fbae7457465fdd13) Importer(815301076,1909f56bfc062723c751e8b465ee728b)  -> (artifact id: '9f6327b7400572b33421e1d2fa67a5ac') in 0.009190 seconds 
========================================================================
Received Import Request.
  Time since last request: 0.000190 seconds.
  path: Assets/import/city-scene/textures/T_cracked_plaster_D.png
  artifactKey: Guid(fb1066d2589f54dba91409b9b41ed0c4) Importer(815301076,1909f56bfc062723c751e8b465ee728b)
Start importing Assets/import/city-scene/textures/T_cracked_plaster_D.png using Guid(fb1066d2589f54dba91409b9b41ed0c4) Importer(815301076,1909f56bfc062723c751e8b465ee728b)  -> (artifact id: 'aa689235440ab9ff44b9163237bec709') in 0.008646 seconds 
========================================================================
Received Import Request.
  Time since last request: 0.000230 seconds.
  path: Assets/import/city-scene/textures/T_cobblestone_D.png
  artifactKey: Guid(2631b5e24de40490aab60b45020d7b94) Importer(815301076,1909f56bfc062723c751e8b465ee728b)
Start importing Assets/import/city-scene/textures/T_cobblestone_D.png using Guid(2631b5e24de40490aab60b45020d7b94) Importer(815301076,1909f56bfc062723c751e8b465ee728b)  -> (artifact id: 'a366a8866cfbc08c1e460babe2ee4666') in 0.008693 seconds 
========================================================================
Received Import Request.
  Time since last request: 0.000271 seconds.
  path: Assets/import/city-scene/textures/T_damaged_brick_D.png
  artifactKey: Guid(ca523261ab66d4f218af10fba329b560) Importer(815301076,1909f56bfc062723c751e8b465ee728b)
Start importing Assets/import/city-scene/textures/T_damaged_brick_D.png using Guid(ca523261ab66d4f218af10fba329b560) Importer(815301076,1909f56bfc062723c751e8b465ee728b)  -> (artifact id: 'be0f9963b833d2a6e18a555abe5dd2da') in 0.008897 seconds 
========================================================================
Received Import Request.
  Time since last request: 0.000240 seconds.
  path: Assets/import/city-scene/textures/T_Dirty_bricks_D.png
  artifactKey: Guid(cbca1bc82f79a46f794baf57f78a75bf) Importer(815301076,1909f56bfc062723c751e8b465ee728b)
Start importing Assets/import/city-scene/textures/T_Dirty_bricks_D.png using Guid(cbca1bc82f79a46f794baf57f78a75bf) Importer(815301076,1909f56bfc062723c751e8b465ee728b)  -> (artifact id: 'ff55e0a528da9b7f383228e2703f0cf3') in 0.008692 seconds 
========================================================================
Received Import Request.
  Time since last request: 0.000243 seconds.
  path: Assets/import/city-scene/textures/T_Dirt_D.png
  artifactKey: Guid(73d2a7a4534a240559cfccf7844f5f07) Importer(815301076,1909f56bfc062723c751e8b465ee728b)
Start importing Assets/import/city-scene/textures/T_Dirt_D.png using Guid(73d2a7a4534a240559cfccf7844f5f07) Importer(815301076,1909f56bfc062723c751e8b465ee728b)  -> (artifact id: '2a39ca252650fd50a8045d1ecc130120') in 0.009171 seconds 
========================================================================
Received Import Request.
  Time since last request: 0.000224 seconds.
  path: Assets/import/city-scene/textures/T_cans_Diffuse.png
  artifactKey: Guid(588ec276d2643416bbbb9e30d04ca717) Importer(815301076,1909f56bfc062723c751e8b465ee728b)
Start importing Assets/import/city-scene/textures/T_cans_Diffuse.png using Guid(588ec276d2643416bbbb9e30d04ca717) Importer(815301076,1909f56bfc062723c751e8b465ee728b)  -> (artifact id: '5ba9a8f7be9b222e303f39f627c77082') in 0.008996 seconds 
========================================================================
Received Import Request.
  Time since last request: 0.000173 seconds.
  path: Assets/import/city-scene/textures/T_branch_O.png
  artifactKey: Guid(8e1abae7003f44d0ead75a0181dbede2) Importer(815301076,1909f56bfc062723c751e8b465ee728b)
Start importing Assets/import/city-scene/textures/T_branch_O.png using Guid(8e1abae7003f44d0ead75a0181dbede2) Importer(815301076,1909f56bfc062723c751e8b465ee728b)  -> (artifact id: 'ee2f26212b006872d48c7d64ec4e85e7') in 0.008197 seconds 
========================================================================
Received Import Request.
  Time since last request: 0.000240 seconds.
  path: Assets/import/city-scene/textures/T_Bike_D.png
  artifactKey: Guid(fdc9a975b7b9a4d289fc676dbcc0b15c) Importer(815301076,1909f56bfc062723c751e8b465ee728b)
Start importing Assets/import/city-scene/textures/T_Bike_D.png using Guid(fdc9a975b7b9a4d289fc676dbcc0b15c) Importer(815301076,1909f56bfc062723c751e8b465ee728b)  -> (artifact id: '593e254b2a6d42bcc6ce753a45d3d73a') in 0.009498 seconds 
========================================================================
Received Import Request.
  Time since last request: 0.000258 seconds.
  path: Assets/import/city-scene/textures/T_Cardboard_Box_D.png
  artifactKey: Guid(b5f9fd86653ce47f9b407065829d7ba0) Importer(815301076,1909f56bfc062723c751e8b465ee728b)
Start importing Assets/import/city-scene/textures/T_Cardboard_Box_D.png using Guid(b5f9fd86653ce47f9b407065829d7ba0) Importer(815301076,1909f56bfc062723c751e8b465ee728b)  -> (artifact id: '64c5feddfb0c639cc775a91af96d6a97') in 0.009168 seconds 
========================================================================
Received Import Request.
  Time since last request: 0.000157 seconds.
  path: Assets/import/city-scene/textures/T_chipped_metal_D.png
  artifactKey: Guid(f09e032ff30724b748b96159ec57d9cd) Importer(815301076,1909f56bfc062723c751e8b465ee728b)
Start importing Assets/import/city-scene/textures/T_chipped_metal_D.png using Guid(f09e032ff30724b748b96159ec57d9cd) Importer(815301076,1909f56bfc062723c751e8b465ee728b)  -> (artifact id: 'bd94beccc7fe238455a80b5764ab7137') in 0.009852 seconds 
========================================================================
Received Import Request.
  Time since last request: 0.000292 seconds.
  path: Assets/import/city-scene/textures/T_damaged_green_D.png
  artifactKey: Guid(be02cc74011364dbaaf07315f02736c6) Importer(815301076,1909f56bfc062723c751e8b465ee728b)
Start importing Assets/import/city-scene/textures/T_damaged_green_D.png using Guid(be02cc74011364dbaaf07315f02736c6) Importer(815301076,1909f56bfc062723c751e8b465ee728b)  -> (artifact id: '7d52c204fcdcab8d173d689f9b9c06ab') in 0.008963 seconds 
========================================================================
Received Import Request.
  Time since last request: 0.000163 seconds.
  path: Assets/import/city-scene/textures/T_chalkstone_D.png
  artifactKey: Guid(4bb687dd254e848b0a47c5da75c62f95) Importer(815301076,1909f56bfc062723c751e8b465ee728b)
Start importing Assets/import/city-scene/textures/T_chalkstone_D.png using Guid(4bb687dd254e848b0a47c5da75c62f95) Importer(815301076,1909f56bfc062723c751e8b465ee728b)  -> (artifact id: '1880a3f37a936005937f314a96a48afa') in 0.008831 seconds 
========================================================================
Received Import Request.
  Time since last request: 0.000168 seconds.
  path: Assets/import/city-scene/textures/T_alumilum_D.png
  artifactKey: Guid(a1e0c8d958a0847b89da37269757f734) Importer(815301076,1909f56bfc062723c751e8b465ee728b)
Start importing Assets/import/city-scene/textures/T_alumilum_D.png using Guid(a1e0c8d958a0847b89da37269757f734) Importer(815301076,1909f56bfc062723c751e8b465ee728b)  -> (artifact id: '40cd5acee940076072a9e0858e0b6fe2') in 0.009530 seconds 
========================================================================
Received Import Request.
  Time since last request: 0.000219 seconds.
  path: Assets/import/city-scene/textures/T_cafe_detail_D.png
  artifactKey: Guid(2be50f13d32c94c46841e014d8ffaa3e) Importer(815301076,1909f56bfc062723c751e8b465ee728b)
Start importing Assets/import/city-scene/textures/T_cafe_detail_D.png using Guid(2be50f13d32c94c46841e014d8ffaa3e) Importer(815301076,1909f56bfc062723c751e8b465ee728b)  -> (artifact id: 'e595cd771f2418b565090bf25446ca83') in 0.008897 seconds 
========================================================================
Received Import Request.
  Time since last request: 488.858848 seconds.
  path: Assets/import/model/cat 1.mat
  artifactKey: Guid(ac99c6c5cdc99a74babe281ab452a497) Importer(815301076,1909f56bfc062723c751e8b465ee728b)
Start importing Assets/import/model/cat 1.mat using Guid(ac99c6c5cdc99a74babe281ab452a497) Importer(815301076,1909f56bfc062723c751e8b465ee728b)  -> (artifact id: 'bbc664591f55bad708bf437767e36b81') in 0.013351 seconds 
========================================================================
Received Import Request.
  Time since last request: 166.010113 seconds.
  path: Assets/import/new 3 scenes/bar/source/untitled.fbx
  artifactKey: Guid(92e930d7c69502648a9b5dac99758a17) Importer(815301076,1909f56bfc062723c751e8b465ee728b)
Start importing Assets/import/new 3 scenes/bar/source/untitled.fbx using Guid(92e930d7c69502648a9b5dac99758a17) Importer(815301076,1909f56bfc062723c751e8b465ee728b)  -> (artifact id: 'f0e1273fcf310ee7c2cfbc9a2c32675a') in 1.628622 seconds 
========================================================================
Received Prepare
Registering precompiled user dll's ...
Registered in 0.006227 seconds.
Begin MonoManager ReloadAssembly
Native extension for WindowsStandalone target not found
Refreshing native plugins compatible for Editor in 0.69 ms, found 11 plugins.
Preloading 2 native plugins for Editor in 0.12 ms.
System.Reflection.TargetInvocationException: Exception has been thrown by the target of an invocation. ---> System.NullReferenceException: Object reference not set to an instance of an object
  at Unity.XR.Oculus.OculusLoader.AssetPathToAbsolutePath (System.String assetPath) [0x00048] in C:\Users\Lichao\Documents\GitHub\VR-Privacy\App\My project (3)\Library\PackageCache\com.unity.xr.oculus@1.12.1\Runtime\OculusLoader.cs:265 
  at Unity.XR.Oculus.OculusLoader.EditorLoadOVRPlugin () [0x0007b] in C:\Users\Lichao\Documents\GitHub\VR-Privacy\App\My project (3)\Library\PackageCache\com.unity.xr.oculus@1.12.1\Runtime\OculusLoader.cs:250 
  at (wrapper managed-to-native) System.Reflection.MonoMethod.InternalInvoke(System.Reflection.MonoMethod,object,object[],System.Exception&)
  at System.Reflection.MonoMethod.Invoke (System.Object obj, System.Reflection.BindingFlags invokeAttr, System.Reflection.Binder binder, System.Object[] parameters, System.Globalization.CultureInfo culture) [0x00032] in <695d1cc93cca45069c528c15c9fdd749>:0 
   --- End of inner exception stack trace ---
  at System.Reflection.MonoMethod.Invoke (System.Object obj, System.Reflection.BindingFlags invokeAttr, System.Reflection.Binder binder, System.Object[] parameters, System.Globalization.CultureInfo culture) [0x00048] in <695d1cc93cca45069c528c15c9fdd749>:0 
  at System.Reflection.MethodBase.Invoke (System.Object obj, System.Object[] parameters) [0x00000] in <695d1cc93cca45069c528c15c9fdd749>:0 
  at UnityEditor.EditorAssemblies.ProcessInitializeOnLoadMethodAttributes () [0x00047] in <92e8e151ac2247a491cb6ca42a1bead9>:0 
UnityEngine.StackTraceUtility:ExtractStackTrace ()
UnityEngine.DebugLogHandler:LogFormat (UnityEngine.LogType,UnityEngine.Object,string,object[])
UnityEngine.Logger:Log (UnityEngine.LogType,object)
UnityEngine.Debug:LogError (object)
UnityEditor.EditorAssemblies:ProcessInitializeOnLoadMethodAttributes ()

Mono: successfully reloaded assembly
- Completed reload, in  0.678 seconds
Domain Reload Profiling:
	ReloadAssembly (679ms)
		BeginReloadAssembly (88ms)
			ExecutionOrderSort (0ms)
			DisableScriptedObjects (2ms)
			BackupInstance (0ms)
			ReleaseScriptingObjects (0ms)
			CreateAndSetChildDomain (25ms)
		EndReloadAssembly (551ms)
			LoadAssemblies (65ms)
			RebuildTransferFunctionScriptingTraits (0ms)
			SetupTypeCache (182ms)
			ReleaseScriptCaches (1ms)
			RebuildScriptCaches (25ms)
			SetupLoadedEditorAssemblies (211ms)
				LogAssemblyErrors (0ms)
				InitializePlatformSupportModulesInManaged (2ms)
				SetLoadedEditorAssemblies (0ms)
				RefreshPlugins (1ms)
				BeforeProcessingInitializeOnLoad (38ms)
				ProcessInitializeOnLoadAttributes (151ms)
				ProcessInitializeOnLoadMethodAttributes (14ms)
				AfterProcessingInitializeOnLoad (3ms)
				EditorAssembliesLoaded (0ms)
			ExecutionOrderSort2 (0ms)
			AwakeInstancesAfterBackupRestoration (1ms)
Platform modules already initialized, skipping
Switching build target platform(19) subTarget(0) extendedPlatform(0) -> platform(13) subTarget(524294) extendedPlatform(0)
Refreshing native plugins compatible for Editor in 0.70 ms, found 11 plugins.
Preloading 2 native plugins for Editor in 0.11 ms.
Unloading 2658 Unused Serialized files (Serialized files now loaded: 0)
System memory in use before: 133.6 MB.
System memory in use after: 133.8 MB.

Unloading 17 unused Assets to reduce memory usage. Loaded Objects now: 3204.
Total: 2.496900 ms (FindLiveObjects: 0.145800 ms CreateObjectMapping: 0.054200 ms MarkObjects: 2.248100 ms  DeleteObjects: 0.047300 ms)

AssetImportParameters requested are different than current active one (requested -> active):
  custom:framework-win-MediaFoundation: 216162199b28c13a410421893ffa2e32 -> 
  custom:video-decoder-ogg-theora: a1e56fd34408186e4bbccfd4996cb3dc -> 
  custom:container-muxer-webm: aa71ff27fc2769a1b78a27578f13a17b -> 
  custom:container-demuxer-webm: 4f35f7cbe854078d1ac9338744f61a02 -> 
  custom:container-demuxer-ogg: 62fdf1f143b41e24485cea50d1cbac27 -> 
  custom:video-encoder-webm-vp8: eb34c28f22e8b96e1ab97ce403110664 -> 
  custom:video-codec-MediaFoundation-h265: 746d11721c4dcdbdad8f713fa42b33f4 -> 
  custom:video-decoder-webm-vp8: 9c59270c3fd7afecdb556c50c9e8de78 -> 
  custom:graphics/normal-map-encoding: 01000000000000000000000000000000 -> 02000000000000000000000000000000
  custom:audio-decoder-ogg-vorbis: bf7c407c2cedff20999df2af8eb42d56 -> 
  custom:audio-encoder-webm-vorbis: bf7c407c2cedff20999df2af8eb42d56 -> 
========================================================================
Received Import Request.
  Time since last request: 392.366608 seconds.
  path: Assets/import/model/cat 1.mat
  artifactKey: Guid(ac99c6c5cdc99a74babe281ab452a497) Importer(815301076,1909f56bfc062723c751e8b465ee728b)
Start importing Assets/import/model/cat 1.mat using Guid(ac99c6c5cdc99a74babe281ab452a497) Importer(815301076,1909f56bfc062723c751e8b465ee728b)  -> (artifact id: '15abbfbf84c6f8c3e4920d00d9072fd4') in 0.142146 seconds 
========================================================================
Received Import Request.
  Time since last request: 10.399494 seconds.
  path: Assets/import/city-scene/source
  artifactKey: Guid(279701defea914942a2e7b748a306efd) Importer(815301076,1909f56bfc062723c751e8b465ee728b)
Start importing Assets/import/city-scene/source using Guid(279701defea914942a2e7b748a306efd) Importer(815301076,1909f56bfc062723c751e8b465ee728b)  -> (artifact id: '4220f393613e41d7ea3f6fa913783202') in 0.002238 seconds 
AssetImportWorkerClient::OnTransportError - code=2 error=End of file
