Unity Editor version:    2022.1.8f1 (2961e8c2b463)
Branch:                  2022.1/staging
Build type:              Release
Batch mode:              YES
macOS version:           Version 10.15.7 (Build 19H1922)
Darwin version:          19.6.0
Architecture:            x86_64
Running under Rosetta:   NO
Available memory:        8192 MB
Using pre-set license
Pro License: YES

COMMAND LINE ARGUMENTS:
/Applications/Unity/Unity.app/Contents/MacOS/Unity
-adb2
-batchMode
-noUpm
-name
AssetImportWorker0
-projectPath
/Users/lichao/Documents/GitHub/VR-Privacy/App/VR Privacy
-logFile
Logs/AssetImportWorker0.log
-srvPort
57352
Successfully changed project path to: /Users/lichao/Documents/GitHub/VR-Privacy/App/VR Privacy
/Users/lichao/Documents/GitHub/VR-Privacy/App/VR Privacy
[UnityMemory] Configuration Parameters - Can be set up in boot.config
    "memorysetup-bucket-allocator-granularity=16"
    "memorysetup-bucket-allocator-bucket-count=8"
    "memorysetup-bucket-allocator-block-size=33554432"
    "memorysetup-bucket-allocator-block-count=8"
    "memorysetup-main-allocator-block-size=16777216"
    "memorysetup-thread-allocator-block-size=16777216"
    "memorysetup-gfx-main-allocator-block-size=16777216"
    "memorysetup-gfx-thread-allocator-block-size=16777216"
    "memorysetup-cache-allocator-block-size=4194304"
    "memorysetup-typetree-allocator-block-size=2097152"
    "memorysetup-profiler-bucket-allocator-granularity=16"
    "memorysetup-profiler-bucket-allocator-bucket-count=8"
    "memorysetup-profiler-bucket-allocator-block-size=33554432"
    "memorysetup-profiler-bucket-allocator-block-count=8"
    "memorysetup-profiler-allocator-block-size=16777216"
    "memorysetup-profiler-editor-allocator-block-size=1048576"
    "memorysetup-temp-allocator-size-main=16777216"
    "memorysetup-job-temp-allocator-block-size=2097152"
    "memorysetup-job-temp-allocator-block-size-background=1048576"
    "memorysetup-job-temp-allocator-reduction-small-platforms=262144"
    "memorysetup-temp-allocator-size-background-worker=32768"
    "memorysetup-temp-allocator-size-job-worker=262144"
    "memorysetup-temp-allocator-size-preload-manager=33554432"
    "memorysetup-temp-allocator-size-nav-mesh-worker=65536"
    "memorysetup-temp-allocator-size-audio-worker=65536"
    "memorysetup-temp-allocator-size-cloud-worker=32768"
    "memorysetup-temp-allocator-size-gi-baking-worker=262144"
    "memorysetup-temp-allocator-size-gfx=262144"
Refreshing native plugins compatible for Editor in 151.71 ms, found 2 plugins.
Preloading 0 native plugins for Editor in 0.00 ms.
Initialize engine version: 2022.1.8f1 (2961e8c2b463)
[Subsystems] Discovering subsystems at path /Applications/Unity/Unity.app/Contents/Resources/UnitySubsystems
[Subsystems] Discovering subsystems at path /Users/lichao/Documents/GitHub/VR-Privacy/App/VR Privacy/Assets
GfxDevice: creating device client; threaded=0; jobified=0
Color LCD preferred device: Intel(R) Iris(TM) Plus Graphics 640 (low power)
Metal devices available: 1
0: Intel(R) Iris(TM) Plus Graphics 640 (low power)
Using device Intel(R) Iris(TM) Plus Graphics 640 (low power)
Initializing Metal device caps: Intel(R) Iris(TM) Plus Graphics 640
Initialize mono
Mono path[0] = '/Applications/Unity/Unity.app/Contents/Managed'
Mono path[1] = '/Applications/Unity/Unity.app/Contents/MonoBleedingEdge/lib/mono/unityjit-macos'
Mono config path = '/Applications/Unity/Unity.app/Contents/MonoBleedingEdge/etc'
Using monoOptions --debugger-agent=transport=dt_socket,embedding=1,server=y,suspend=n,address=127.0.0.1:56887
Begin MonoManager ReloadAssembly
Registering precompiled unity dll's ...
Register platform support module: /Applications/Unity/Unity.app/Contents/PlaybackEngines/MacStandaloneSupport/UnityEditor.OSXStandalone.Extensions.dll
Registered in 0.002533 seconds.
Native extension for OSXStandalone target not found
Refreshing native plugins compatible for Editor in 220.58 ms, found 2 plugins.
Preloading 0 native plugins for Editor in 0.00 ms.
Mono: successfully reloaded assembly
- Completed reload, in  2.148 seconds
Domain Reload Profiling:
	ReloadAssembly (2149ms)
		BeginReloadAssembly (193ms)
			ExecutionOrderSort (0ms)
			DisableScriptedObjects (0ms)
			BackupInstance (0ms)
			ReleaseScriptingObjects (0ms)
			CreateAndSetChildDomain (2ms)
		EndReloadAssembly (1674ms)
			LoadAssemblies (191ms)
			RebuildTransferFunctionScriptingTraits (3ms)
			SetupTypeCache (382ms)
				TypeCache.Initialize (381ms)
					TypeCache.ScanAssembly (378ms)
				ResolveRequiredComponents (2ms)
			ReleaseScriptCaches (1ms)
			RebuildScriptCaches (122ms)
			SetupLoadedEditorAssemblies (886ms)
				LogAssemblyErrors (0ms)
				InitializePlatformSupportModulesInManaged (25ms)
				SetLoadedEditorAssemblies (41ms)
				RefreshPlugins (221ms)
				BeforeProcessingInitializeOnLoad (3ms)
				ProcessInitializeOnLoadAttributes (454ms)
				ProcessInitializeOnLoadMethodAttributes (142ms)
				AfterProcessingInitializeOnLoad (0ms)
				EditorAssembliesLoaded (1ms)
			ExecutionOrderSort2 (0ms)
			AwakeInstancesAfterBackupRestoration (0ms)
Platform modules already initialized, skipping
Registering precompiled user dll's ...
Registered in 0.014330 seconds.
Begin MonoManager ReloadAssembly
Symbol file LoadedFromMemory doesn't match image /Users/lichao/Documents/GitHub/VR-Privacy/App/VR Privacy/Library/PackageCache/com.unity.visualscripting@1.7.8/Editor/VisualScripting.Core/Dependencies/YamlDotNet/Unity.VisualScripting.YamlDotNet.dll
Symbol file LoadedFromMemory doesn't match image /Users/lichao/Documents/GitHub/VR-Privacy/App/VR Privacy/Library/PackageCache/com.unity.visualscripting@1.7.8/Editor/VisualScripting.Core/Dependencies/DotNetZip/Unity.VisualScripting.IonicZip.dll
Native extension for OSXStandalone target not found
Refreshing native plugins compatible for Editor in 1.35 ms, found 2 plugins.
Preloading 0 native plugins for Editor in 0.00 ms.
Mono: successfully reloaded assembly
- Completed reload, in  4.895 seconds
Domain Reload Profiling:
	ReloadAssembly (4902ms)
		BeginReloadAssembly (468ms)
			ExecutionOrderSort (0ms)
			DisableScriptedObjects (24ms)
			BackupInstance (0ms)
			ReleaseScriptingObjects (0ms)
			CreateAndSetChildDomain (117ms)
		EndReloadAssembly (3891ms)
			LoadAssemblies (339ms)
			RebuildTransferFunctionScriptingTraits (0ms)
			SetupTypeCache (1334ms)
				TypeCache.Initialize (1316ms)
					TypeCache.ScanAssembly (1306ms)
				ResolveRequiredComponents (18ms)
			ReleaseScriptCaches (2ms)
			RebuildScriptCaches (264ms)
			SetupLoadedEditorAssemblies (1680ms)
				LogAssemblyErrors (0ms)
				InitializePlatformSupportModulesInManaged (17ms)
				SetLoadedEditorAssemblies (22ms)
				RefreshPlugins (1ms)
				BeforeProcessingInitializeOnLoad (287ms)
				ProcessInitializeOnLoadAttributes (1212ms)
				ProcessInitializeOnLoadMethodAttributes (135ms)
				AfterProcessingInitializeOnLoad (4ms)
				EditorAssembliesLoaded (1ms)
			ExecutionOrderSort2 (0ms)
			AwakeInstancesAfterBackupRestoration (16ms)
Platform modules already initialized, skipping
========================================================================
Worker process is ready to serve import requests
Launching external process: /Applications/Unity/Unity.app/Contents/Tools/UnityShaderCompiler
Launched and connected shader compiler UnityShaderCompiler after 0.09 seconds
Refreshing native plugins compatible for Editor in 1.34 ms, found 2 plugins.
Preloading 0 native plugins for Editor in 0.00 ms.
Unloading 3385 Unused Serialized files (Serialized files now loaded: 0)
Unloading 26 unused Assets / (45.8 KB). Loaded Objects now: 3845.
Memory consumption went from 0.62 GB to 0.62 GB.
Total: 12.522098 ms (FindLiveObjects: 1.336539 ms CreateObjectMapping: 0.590326 ms MarkObjects: 9.290942 ms  DeleteObjects: 1.302357 ms)

AssetImportParameters requested are different than current active one (requested -> active):
  custom:video-decoder-ogg-theora: a1e56fd34408186e4bbccfd4996cb3dc -> 
  custom:container-muxer-webm: aa71ff27fc2769a1b78a27578f13a17b -> 
  custom:container-demuxer-webm: 4f35f7cbe854078d1ac9338744f61a02 -> 
  custom:video-encoder-webm-vp8: eb34c28f22e8b96e1ab97ce403110664 -> 
  custom:framework-osx-AVFoundation: b23960f63f64bdc6ff669e2cdcee2391 -> 
  custom:audio-encoder-webm-vorbis: bf7c407c2cedff20999df2af8eb42d56 -> 
  custom:container-demuxer-ogg: 62fdf1f143b41e24485cea50d1cbac27 -> 
  custom:video-decoder-webm-vp8: 9c59270c3fd7afecdb556c50c9e8de78 -> 
  custom:audio-decoder-ogg-vorbis: bf7c407c2cedff20999df2af8eb42d56 -> 
========================================================================
Received Import Request.
  Time since last request: 131716.213280 seconds.
  path: Assets/AddOns/MgLEGO Santas Brickshop/Prefabs/LEGO Models/Santa Essentials/Candy Cane Small.prefab
  artifactKey: Guid(a0399e4497549448492ac0141808cabc) Importer(815301076,1909f56bfc062723c751e8b465ee728b)
Start importing Assets/AddOns/MgLEGO Santas Brickshop/Prefabs/LEGO Models/Santa Essentials/Candy Cane Small.prefab using Guid(a0399e4497549448492ac0141808cabc) Importer(815301076,1909f56bfc062723c751e8b465ee728b)  -> (artifact id: 'b739f4b33b456bdcb38080b9aa07156f') in 1.274828 seconds 
========================================================================
Received Import Request.
  Time since last request: 0.000097 seconds.
  path: Assets/AddOns/MgLEGO Santas Brickshop/Prefabs/LEGO Models/Santa Essentials/Present Large.prefab
  artifactKey: Guid(f454bab2a2d4a4c2f84188e64a195a39) Importer(815301076,1909f56bfc062723c751e8b465ee728b)
Start importing Assets/AddOns/MgLEGO Santas Brickshop/Prefabs/LEGO Models/Santa Essentials/Present Large.prefab using Guid(f454bab2a2d4a4c2f84188e64a195a39) Importer(815301076,1909f56bfc062723c751e8b465ee728b)  -> (artifact id: '3b565140603203053d53aed25c9c3fe2') in 0.442988 seconds 
========================================================================
Received Import Request.
  Time since last request: 0.000177 seconds.
  path: Assets/AddOns/MgLEGO Santas Brickshop/Prefabs/LEGO Models/Santa Essentials/Fireplace.prefab
  artifactKey: Guid(a1ba9519b53d545c4bf9bd7e7d70e4f9) Importer(815301076,1909f56bfc062723c751e8b465ee728b)
Start importing Assets/AddOns/MgLEGO Santas Brickshop/Prefabs/LEGO Models/Santa Essentials/Fireplace.prefab using Guid(a1ba9519b53d545c4bf9bd7e7d70e4f9) Importer(815301076,1909f56bfc062723c751e8b465ee728b)  -> (artifact id: '978f13c131c6de30e5371f21fd964430') in 0.260525 seconds 
========================================================================
Received Import Request.
  Time since last request: 0.000310 seconds.
  path: Assets/AddOns/MgLEGO Santas Brickshop/Prefabs/LEGO Models/Santa Essentials/Present Small.prefab
  artifactKey: Guid(79da148f5ced645bdb11def4a8163506) Importer(815301076,1909f56bfc062723c751e8b465ee728b)
Start importing Assets/AddOns/MgLEGO Santas Brickshop/Prefabs/LEGO Models/Santa Essentials/Present Small.prefab using Guid(79da148f5ced645bdb11def4a8163506) Importer(815301076,1909f56bfc062723c751e8b465ee728b)  -> (artifact id: 'cbce6a0a627a3290ad46b348d300b905') in 0.073296 seconds 
========================================================================
Received Import Request.
  Time since last request: 0.000743 seconds.
  path: Assets/AddOns/MgLEGO Santas Brickshop/Prefabs/LEGO Models/Santa Essentials/Chimney Top.prefab
  artifactKey: Guid(a9081ff8efb6645ec99a61f93fcb8212) Importer(815301076,1909f56bfc062723c751e8b465ee728b)
Start importing Assets/AddOns/MgLEGO Santas Brickshop/Prefabs/LEGO Models/Santa Essentials/Chimney Top.prefab using Guid(a9081ff8efb6645ec99a61f93fcb8212) Importer(815301076,1909f56bfc062723c751e8b465ee728b)  -> (artifact id: '086beaea5789cafea7dba82d1e04b940') in 0.280926 seconds 
========================================================================
Received Import Request.
  Time since last request: 0.000108 seconds.
  path: Assets/AddOns/MgLEGO Santas Brickshop/Prefabs/LEGO Models/Santa Essentials/Sleigh.prefab
  artifactKey: Guid(fc971da8c33764ae587c3a73d99f6ac1) Importer(815301076,1909f56bfc062723c751e8b465ee728b)
Start importing Assets/AddOns/MgLEGO Santas Brickshop/Prefabs/LEGO Models/Santa Essentials/Sleigh.prefab using Guid(fc971da8c33764ae587c3a73d99f6ac1) Importer(815301076,1909f56bfc062723c751e8b465ee728b)  -> (artifact id: '884bfafd9ef4c630186c2fe673725b03') in 0.203019 seconds 
========================================================================
Received Import Request.
  Time since last request: 0.004732 seconds.
  path: Assets/AddOns/MgLEGO Santas Brickshop/Prefabs/LEGO Models/Santa Essentials/Candy Cane Large.prefab
  artifactKey: Guid(3885e0739540b494f9bfaaab1f9d9fd4) Importer(815301076,1909f56bfc062723c751e8b465ee728b)
Start importing Assets/AddOns/MgLEGO Santas Brickshop/Prefabs/LEGO Models/Santa Essentials/Candy Cane Large.prefab using Guid(3885e0739540b494f9bfaaab1f9d9fd4) Importer(815301076,1909f56bfc062723c751e8b465ee728b)  -> (artifact id: '5aba1aa32736a176f25fcf373ddf20ba') in 0.094155 seconds 
========================================================================
Received Import Request.
  Time since last request: 0.000110 seconds.
  path: Assets/AddOns/MgLEGO Santas Brickshop/Prefabs/LEGO Models/Santa Essentials/Chimney Extension.prefab
  artifactKey: Guid(2509530af21594e639799472193cd383) Importer(815301076,1909f56bfc062723c751e8b465ee728b)
Start importing Assets/AddOns/MgLEGO Santas Brickshop/Prefabs/LEGO Models/Santa Essentials/Chimney Extension.prefab using Guid(2509530af21594e639799472193cd383) Importer(815301076,1909f56bfc062723c751e8b465ee728b)  -> (artifact id: '7542110936c75dcc156368ef83bc7cb9') in 0.101819 seconds 
========================================================================
Received Import Request.
  Time since last request: 0.000203 seconds.
  path: Assets/AddOns/MgLEGO Santas Brickshop/Prefabs/LEGO Models/Santa Essentials/Present Medium.prefab
  artifactKey: Guid(718a05b6ce2c2424f909f6eeb15073ca) Importer(815301076,1909f56bfc062723c751e8b465ee728b)
Start importing Assets/AddOns/MgLEGO Santas Brickshop/Prefabs/LEGO Models/Santa Essentials/Present Medium.prefab using Guid(718a05b6ce2c2424f909f6eeb15073ca) Importer(815301076,1909f56bfc062723c751e8b465ee728b)  -> (artifact id: '2a560238d42d4e7f3fcb18f0d44408e7') in 0.099601 seconds 
========================================================================
Received Import Request.
  Time since last request: 0.000107 seconds.
  path: Assets/AddOns/MgLEGO Santas Brickshop/Prefabs/LEGO Models/Santa Essentials/Tree.prefab
  artifactKey: Guid(879c10217b1d546f99eba6e5a9cb6bff) Importer(815301076,1909f56bfc062723c751e8b465ee728b)
Start importing Assets/AddOns/MgLEGO Santas Brickshop/Prefabs/LEGO Models/Santa Essentials/Tree.prefab using Guid(879c10217b1d546f99eba6e5a9cb6bff) Importer(815301076,1909f56bfc062723c751e8b465ee728b)  -> (artifact id: '0947da6bd1b1a7cadb9be56ee91962e1') in 0.252860 seconds 
========================================================================
Received Import Request.
  Time since last request: 4.991000 seconds.
  path: Assets/AddOns/MgLEGO Santas Brickshop/Scenes
  artifactKey: Guid(192612ee876ad4f138f6decefa5a2f2d) Importer(815301076,1909f56bfc062723c751e8b465ee728b)
Start importing Assets/AddOns/MgLEGO Santas Brickshop/Scenes using Guid(192612ee876ad4f138f6decefa5a2f2d) Importer(815301076,1909f56bfc062723c751e8b465ee728b)  -> (artifact id: '6e04c5ec878e2227fb357d004f220251') in 0.002170 seconds 
========================================================================
Received Import Request.
  Time since last request: 1.574216 seconds.
  path: Assets/AddOns/MgLEGO Santas Brickshop/Scenes/Santas Brickshop.unity
  artifactKey: Guid(acace2a4b11ba4ac98fa2c83830e2d55) Importer(815301076,1909f56bfc062723c751e8b465ee728b)
Start importing Assets/AddOns/MgLEGO Santas Brickshop/Scenes/Santas Brickshop.unity using Guid(acace2a4b11ba4ac98fa2c83830e2d55) Importer(815301076,1909f56bfc062723c751e8b465ee728b)  -> (artifact id: '7b99b493f05c56ab89326e074091d891') in 0.001528 seconds 
